#
# There is insufficient memory for the Java Runtime Environment to continue.
# Native memory allocation (mmap) failed to map 1749024768 bytes. Error detail: G1 virtual space
# Possible reasons:
#   The system is out of physical RAM or swap space
#   This process is running with CompressedOops enabled, and the Java Heap may be blocking the growth of the native heap
# Possible solutions:
#   Reduce memory load on the system
#   Increase physical memory or swap space
#   Check if swap backing store is full
#   Decrease Java heap size (-Xmx/-Xms)
#   Decrease number of Java threads
#   Decrease Java thread stack sizes (-Xss)
#   Set larger code cache with -XX:ReservedCodeCacheSize=
#   JVM is running with Zero Based Compressed Oops mode in which the Java heap is
#     placed in the first 32GB address space. The Java Heap base address is the
#     maximum limit for the native heap growth. Please use -XX:HeapBaseMinAddress
#     to set the Java Heap base and to place the Java Heap above 32GB virtual address.
# This output file may be truncated or incomplete.
#
#  Out of Memory Error (os_windows.cpp:3618), pid=17096, tid=12216
#
# JRE version: OpenJDK Runtime Environment Temurin-17.0.17+10 (17.0.17+10) (build 17.0.17+10)
# Java VM: OpenJDK 64-Bit Server VM Temurin-17.0.17+10 (17.0.17+10, mixed mode, sharing, tiered, compressed oops, compressed class ptrs, g1 gc, windows-amd64)
# No core dump will be written. Minidumps are not enabled by default on client versions of Windows
#

---------------  S U M M A R Y ------------

Command Line: --add-opens=java.base/java.lang=ALL-UNNAMED --add-opens=java.base/java.lang.invoke=ALL-UNNAMED --add-opens=java.base/java.util=ALL-UNNAMED --add-opens=java.prefs/java.util.prefs=ALL-UNNAMED --add-exports=jdk.compiler/com.sun.tools.javac.api=ALL-UNNAMED --add-exports=jdk.compiler/com.sun.tools.javac.util=ALL-UNNAMED --add-opens=java.base/java.util=ALL-UNNAMED --add-opens=java.prefs/java.util.prefs=ALL-UNNAMED --add-opens=java.base/java.nio.charset=ALL-UNNAMED --add-opens=java.base/java.net=ALL-UNNAMED --add-opens=java.base/java.util.concurrent.atomic=ALL-UNNAMED --add-opens=java.xml/javax.xml.namespace=ALL-UNNAMED -XX:MaxMetaspaceSize=4G -XX:ReservedCodeCacheSize=512m -XX:+HeapDumpOnOutOfMemoryError -Xmx8G -Dfile.encoding=windows-1252 -Duser.country=ES -Duser.language=es -Duser.variant -javaagent:C:\Users\David\.gradle\wrapper\dists\gradle-8.14-all\c2qonpi39x1mddn7hk5gh9iqj\gradle-8.14\lib\agents\gradle-instrumentation-agent-8.14.jar org.gradle.launcher.daemon.bootstrap.GradleDaemon 8.14

Host: Intel(R) Core(TM) i5-7300U CPU @ 2.60GHz, 4 cores, 7G,  Windows 10 , 64 bit Build 19041 (10.0.19041.5915)
Time: Wed May 27 04:45:52 2026 Hora de verano romance elapsed time: 110.623660 seconds (0d 0h 1m 50s)

---------------  T H R E A D  ---------------

Current thread (0x00000188797d84e0):  VMThread "VM Thread" [stack: 0x0000007ccbe00000,0x0000007ccbf00000] [id=12216]

Stack: [0x0000007ccbe00000,0x0000007ccbf00000]
Native frames: (J=compiled Java code, j=interpreted, Vv=VM code, C=native code)
V  [jvm.dll+0x683fb9]
V  [jvm.dll+0x83a1b5]
V  [jvm.dll+0x83bc2e]
V  [jvm.dll+0x83c2b3]
V  [jvm.dll+0x248eff]
V  [jvm.dll+0x680d79]
V  [jvm.dll+0x675b7a]
V  [jvm.dll+0x3091a7]
V  [jvm.dll+0x310776]
V  [jvm.dll+0x360bbe]
V  [jvm.dll+0x360dfd]
V  [jvm.dll+0x2e022c]
V  [jvm.dll+0x2de602]
V  [jvm.dll+0x2ddd9c]
V  [jvm.dll+0x320a3b]
V  [jvm.dll+0x840acd]
V  [jvm.dll+0x841803]
V  [jvm.dll+0x841d2f]
V  [jvm.dll+0x842115]
V  [jvm.dll+0x8421de]
V  [jvm.dll+0x7ea44c]
V  [jvm.dll+0x682e87]
C  [ucrtbase.dll+0x21bb2]
C  [KERNEL32.DLL+0x17374]
C  [ntdll.dll+0x4cc91]

VM_Operation (0x0000007ccd5f7330): G1CollectForAllocation, mode: safepoint, requested by thread 0x00000188c2cd5870


---------------  P R O C E S S  ---------------

Threads class SMR info:
_java_thread_list=0x00000188dbef8900, length=87, elements={
0x00000188669a9f70, 0x00000188797dee80, 0x00000188797dfa40, 0x00000188797f8c40,
0x00000188797fb810, 0x00000188797fe980, 0x0000018879802fe0, 0x0000018879804520,
0x0000018879805770, 0x0000018879808920, 0x000001887982e910, 0x00000188c11775c0,
0x00000188c2c62220, 0x00000188c2f54790, 0x00000188c311f270, 0x00000188c2cd4e50,
0x00000188c2cd5360, 0x00000188c2cd8600, 0x00000188c2cd5870, 0x00000188c2cd71c0,
0x00000188c2cd80f0, 0x00000188c2cd76d0, 0x00000188c2cd6cb0, 0x00000188c2cd5d80,
0x00000188c2cd6290, 0x00000188c2cd7be0, 0x00000188c3462c90, 0x00000188c345eac0,
0x00000188c34631a0, 0x00000188c34636b0, 0x00000188c345db90, 0x00000188c34640d0,
0x00000188c3463bc0, 0x00000188c3461d60, 0x00000188c3460920, 0x00000188c345f4e0,
0x00000188c3460410, 0x00000188c345f9f0, 0x00000188c3461340, 0x00000188c345e0a0,
0x00000188c345cc60, 0x00000188c345ff00, 0x00000188c3461850, 0x00000188c34645e0,
0x00000188c345d170, 0x00000188c3460e30, 0x00000188c6bf7830, 0x00000188c6bf4aa0,
0x00000188c6bf4fb0, 0x00000188c6bf6900, 0x00000188c6bf7320, 0x00000188c6bf8250,
0x00000188c6bf6e10, 0x00000188c6bf7d40, 0x00000188c6bf54c0, 0x00000188c6bf59d0,
0x00000188c6bf5ee0, 0x00000188c6bf63f0, 0x00000188c3409320, 0x00000188c3406aa0,
0x00000188c34074c0, 0x00000188c34079d0, 0x00000188c3407ee0, 0x00000188c3408900,
0x00000188c3408e10, 0x00000188c3409830, 0x00000188c34083f0, 0x00000188c3406080,
0x00000188c60b65e0, 0x00000188c60b6af0, 0x00000188c60b3d60, 0x00000188c60b7a20,
0x00000188c7ea6760, 0x00000188c7ea85c0, 0x00000188c7ea9f10, 0x00000188c7ea9a00,
0x00000188c7eaa420, 0x00000188c7eaa930, 0x00000188c7ea8fe0, 0x00000188c7ea7ba0,
0x00000188c7eaae40, 0x00000188c7ea4e10, 0x00000188c7ea3ee0, 0x00000188c605ca30,
0x00000188c7ea94f0, 0x00000188c7ea5830, 0x00000188c3462780
}

Java Threads: ( => current thread )
  0x00000188669a9f70 JavaThread "main" [_thread_blocked, id=14772, stack(0x0000007ccb800000,0x0000007ccb900000)]
  0x00000188797dee80 JavaThread "Reference Handler" daemon [_thread_blocked, id=9308, stack(0x0000007ccbf00000,0x0000007ccc000000)]
  0x00000188797dfa40 JavaThread "Finalizer" daemon [_thread_blocked, id=23132, stack(0x0000007ccc000000,0x0000007ccc100000)]
  0x00000188797f8c40 JavaThread "Signal Dispatcher" daemon [_thread_blocked, id=18688, stack(0x0000007ccc100000,0x0000007ccc200000)]
  0x00000188797fb810 JavaThread "Attach Listener" daemon [_thread_blocked, id=13220, stack(0x0000007ccc200000,0x0000007ccc300000)]
  0x00000188797fe980 JavaThread "Service Thread" daemon [_thread_blocked, id=20540, stack(0x0000007ccc300000,0x0000007ccc400000)]
  0x0000018879802fe0 JavaThread "Monitor Deflation Thread" daemon [_thread_blocked, id=13440, stack(0x0000007ccc400000,0x0000007ccc500000)]
  0x0000018879804520 JavaThread "C2 CompilerThread0" daemon [_thread_blocked, id=20624, stack(0x0000007ccc500000,0x0000007ccc600000)]
  0x0000018879805770 JavaThread "C1 CompilerThread0" daemon [_thread_blocked, id=16496, stack(0x0000007ccc600000,0x0000007ccc700000)]
  0x0000018879808920 JavaThread "Sweeper thread" daemon [_thread_blocked, id=14260, stack(0x0000007ccc700000,0x0000007ccc800000)]
  0x000001887982e910 JavaThread "Common-Cleaner" daemon [_thread_blocked, id=4972, stack(0x0000007ccc800000,0x0000007ccc900000)]
  0x00000188c11775c0 JavaThread "Notification Thread" daemon [_thread_blocked, id=18988, stack(0x0000007ccc900000,0x0000007ccca00000)]
  0x00000188c2c62220 JavaThread "Daemon health stats" [_thread_blocked, id=5980, stack(0x0000007cccf00000,0x0000007ccd000000)]
  0x00000188c2f54790 JavaThread "Incoming local TCP Connector on port 63249" [_thread_in_native, id=10076, stack(0x0000007ccd000000,0x0000007ccd100000)]
  0x00000188c311f270 JavaThread "Daemon periodic checks" [_thread_blocked, id=528, stack(0x0000007ccd100000,0x0000007ccd200000)]
  0x00000188c2cd4e50 JavaThread "Daemon" [_thread_blocked, id=3020, stack(0x0000007ccd200000,0x0000007ccd300000)]
  0x00000188c2cd5360 JavaThread "Handler for socket connection from /127.0.0.1:63249 to /127.0.0.1:63250" [_thread_in_native, id=15496, stack(0x0000007ccd300000,0x0000007ccd400000)]
  0x00000188c2cd8600 JavaThread "Cancel handler" [_thread_blocked, id=18804, stack(0x0000007ccd400000,0x0000007ccd500000)]
  0x00000188c2cd5870 JavaThread "Daemon worker" [_thread_blocked, id=21452, stack(0x0000007ccd500000,0x0000007ccd600000)]
  0x00000188c2cd71c0 JavaThread "Asynchronous log dispatcher for DefaultDaemonConnection: socket connection from /127.0.0.1:63249 to /127.0.0.1:63250" [_thread_blocked, id=10180, stack(0x0000007ccd600000,0x0000007ccd700000)]
  0x00000188c2cd80f0 JavaThread "Stdin handler" [_thread_blocked, id=5320, stack(0x0000007ccd700000,0x0000007ccd800000)]
  0x00000188c2cd76d0 JavaThread "Daemon client event forwarder" [_thread_blocked, id=14552, stack(0x0000007ccd800000,0x0000007ccd900000)]
  0x00000188c2cd6cb0 JavaThread "Cache worker for journal cache (C:\Users\David\.gradle\caches\journal-1)" [_thread_blocked, id=15576, stack(0x0000007ccce00000,0x0000007cccf00000)]
  0x00000188c2cd5d80 JavaThread "File lock request listener" [_thread_in_native, id=2860, stack(0x0000007ccd900000,0x0000007ccda00000)]
  0x00000188c2cd6290 JavaThread "Cache worker for file hash cache (C:\Users\David\.gradle\caches\8.14\fileHashes)" [_thread_blocked, id=24752, stack(0x0000007ccda00000,0x0000007ccdb00000)]
  0x00000188c2cd7be0 JavaThread "Cache worker for file hash cache (C:\Users\David\prototipodavid\android\.gradle\8.14\fileHashes)" [_thread_blocked, id=7324, stack(0x0000007ccdc00000,0x0000007ccdd00000)]
  0x00000188c3462c90 JavaThread "Cache worker for Build Output Cleanup Cache (C:\Users\David\prototipodavid\android\.gradle\buildOutputCleanup)" [_thread_blocked, id=9728, stack(0x0000007ccdd00000,0x0000007ccde00000)]
  0x00000188c345eac0 JavaThread "File watcher server" daemon [_thread_in_native, id=20616, stack(0x0000007ccde00000,0x0000007ccdf00000)]
  0x00000188c34631a0 JavaThread "File watcher consumer" daemon [_thread_blocked, id=16968, stack(0x0000007ccdf00000,0x0000007cce000000)]
  0x00000188c34636b0 JavaThread "Cache worker for checksums cache (C:\Users\David\prototipodavid\android\.gradle\8.14\checksums)" [_thread_blocked, id=14652, stack(0x0000007cce000000,0x0000007cce100000)]
  0x00000188c345db90 JavaThread "Cache worker for file content cache (C:\Users\David\.gradle\caches\8.14\fileContent)" [_thread_blocked, id=17848, stack(0x0000007cce100000,0x0000007cce200000)]
  0x00000188c34640d0 JavaThread "Cache worker for cache directory md-supplier (C:\Users\David\.gradle\caches\8.14\md-supplier)" [_thread_blocked, id=24796, stack(0x0000007cce200000,0x0000007cce300000)]
  0x00000188c3463bc0 JavaThread "Cache worker for cache directory md-rule (C:\Users\David\.gradle\caches\8.14\md-rule)" [_thread_blocked, id=23232, stack(0x0000007cce300000,0x0000007cce400000)]
  0x00000188c3461d60 JavaThread "Cache worker for Build Output Cleanup Cache (C:\Users\David\Desktop\flutter\packages\flutter_tools\gradle\.gradle\buildOutputCleanup)" [_thread_blocked, id=5340, stack(0x0000007cce400000,0x0000007cce500000)]
  0x00000188c3460920 JavaThread "Unconstrained build operations" [_thread_blocked, id=7792, stack(0x0000007cce500000,0x0000007cce600000)]
  0x00000188c345f4e0 JavaThread "Unconstrained build operations Thread 2" [_thread_blocked, id=17944, stack(0x0000007cce600000,0x0000007cce700000)]
  0x00000188c3460410 JavaThread "Unconstrained build operations Thread 3" [_thread_blocked, id=24444, stack(0x0000007cce700000,0x0000007cce800000)]
  0x00000188c345f9f0 JavaThread "Unconstrained build operations Thread 4" [_thread_blocked, id=3440, stack(0x0000007cce800000,0x0000007cce900000)]
  0x00000188c3461340 JavaThread "Unconstrained build operations Thread 5" [_thread_blocked, id=21024, stack(0x0000007cce900000,0x0000007ccea00000)]
  0x00000188c345e0a0 JavaThread "Unconstrained build operations Thread 6" [_thread_blocked, id=17272, stack(0x0000007ccea00000,0x0000007cceb00000)]
  0x00000188c345cc60 JavaThread "Unconstrained build operations Thread 7" [_thread_blocked, id=1724, stack(0x0000007cceb00000,0x0000007ccec00000)]
  0x00000188c345ff00 JavaThread "Unconstrained build operations Thread 8" [_thread_blocked, id=5348, stack(0x0000007ccec00000,0x0000007cced00000)]
  0x00000188c3461850 JavaThread "Unconstrained build operations Thread 9" [_thread_blocked, id=19536, stack(0x0000007cced00000,0x0000007ccee00000)]
  0x00000188c34645e0 JavaThread "Memory manager" [_thread_blocked, id=22212, stack(0x0000007ccef00000,0x0000007ccf000000)]
  0x00000188c345d170 JavaThread "build event listener" [_thread_blocked, id=15440, stack(0x0000007ccdb00000,0x0000007ccdc00000)]
  0x00000188c3460e30 JavaThread "Execution worker" [_thread_blocked, id=6460, stack(0x0000007ccf200000,0x0000007ccf300000)]
  0x00000188c6bf7830 JavaThread "Execution worker Thread 2" [_thread_blocked, id=21872, stack(0x0000007ccf300000,0x0000007ccf400000)]
  0x00000188c6bf4aa0 JavaThread "Execution worker Thread 3" [_thread_blocked, id=7080, stack(0x0000007ccf400000,0x0000007ccf500000)]
  0x00000188c6bf4fb0 JavaThread "Cache worker for execution history cache (C:\Users\David\Desktop\flutter\packages\flutter_tools\gradle\.gradle\8.14\executionHistory)" [_thread_blocked, id=14128, stack(0x0000007ccf500000,0x0000007ccf600000)]
  0x00000188c6bf6900 JavaThread "Unconstrained build operations Thread 10" [_thread_blocked, id=13828, stack(0x0000007ccf600000,0x0000007ccf700000)]
  0x00000188c6bf7320 JavaThread "Unconstrained build operations Thread 11" [_thread_blocked, id=4004, stack(0x0000007ccf700000,0x0000007ccf800000)]
  0x00000188c6bf8250 JavaThread "Unconstrained build operations Thread 12" [_thread_blocked, id=14144, stack(0x0000007ccf800000,0x0000007ccf900000)]
  0x00000188c6bf6e10 JavaThread "Unconstrained build operations Thread 13" [_thread_blocked, id=8396, stack(0x0000007ccf900000,0x0000007ccfa00000)]
  0x00000188c6bf7d40 JavaThread "Unconstrained build operations Thread 14" [_thread_blocked, id=6392, stack(0x0000007ccfa00000,0x0000007ccfb00000)]
  0x00000188c6bf54c0 JavaThread "Unconstrained build operations Thread 15" [_thread_blocked, id=22160, stack(0x0000007ccfb00000,0x0000007ccfc00000)]
  0x00000188c6bf59d0 JavaThread "Unconstrained build operations Thread 16" [_thread_blocked, id=6284, stack(0x0000007ccfc00000,0x0000007ccfd00000)]
  0x00000188c6bf5ee0 JavaThread "Unconstrained build operations Thread 17" [_thread_blocked, id=21416, stack(0x0000007ccfd00000,0x0000007ccfe00000)]
  0x00000188c6bf63f0 JavaThread "Unconstrained build operations Thread 18" [_thread_blocked, id=10328, stack(0x0000007ccfe00000,0x0000007ccff00000)]
  0x00000188c3409320 JavaThread "Unconstrained build operations Thread 19" [_thread_blocked, id=4612, stack(0x0000007ccff00000,0x0000007cd0000000)]
  0x00000188c3406aa0 JavaThread "Unconstrained build operations Thread 20" [_thread_blocked, id=22364, stack(0x0000007cd0000000,0x0000007cd0100000)]
  0x00000188c34074c0 JavaThread "Unconstrained build operations Thread 21" [_thread_blocked, id=23304, stack(0x0000007cd0100000,0x0000007cd0200000)]
  0x00000188c34079d0 JavaThread "Unconstrained build operations Thread 22" [_thread_blocked, id=16564, stack(0x0000007cd0200000,0x0000007cd0300000)]
  0x00000188c3407ee0 JavaThread "Unconstrained build operations Thread 23" [_thread_blocked, id=22612, stack(0x0000007cd0300000,0x0000007cd0400000)]
  0x00000188c3408900 JavaThread "Unconstrained build operations Thread 24" [_thread_blocked, id=9360, stack(0x0000007cd0400000,0x0000007cd0500000)]
  0x00000188c3408e10 JavaThread "Unconstrained build operations Thread 25" [_thread_blocked, id=13084, stack(0x0000007cd0500000,0x0000007cd0600000)]
  0x00000188c3409830 JavaThread "Unconstrained build operations Thread 26" [_thread_blocked, id=3248, stack(0x0000007cd0600000,0x0000007cd0700000)]
  0x00000188c34083f0 JavaThread "Unconstrained build operations Thread 27" [_thread_blocked, id=20484, stack(0x0000007cd0700000,0x0000007cd0800000)]
  0x00000188c3406080 JavaThread "Unconstrained build operations Thread 28" [_thread_blocked, id=11152, stack(0x0000007cd0800000,0x0000007cd0900000)]
  0x00000188c60b65e0 JavaThread "Unconstrained build operations Thread 29" [_thread_blocked, id=3568, stack(0x0000007cd0900000,0x0000007cd0a00000)]
  0x00000188c60b6af0 JavaThread "build event listener" [_thread_blocked, id=9328, stack(0x0000007cd0a00000,0x0000007cd0b00000)]
  0x00000188c60b3d60 JavaThread "Kotlin DSL Writer" [_thread_blocked, id=22740, stack(0x0000007cd0b00000,0x0000007cd0c00000)]
  0x00000188c60b7a20 JavaThread "jar transforms" [_thread_blocked, id=24528, stack(0x0000007cd0d00000,0x0000007cd0e00000)]
  0x00000188c7ea6760 JavaThread "Unconstrained build operations Thread 30" [_thread_blocked, id=12628, stack(0x0000007cd0f00000,0x0000007cd1000000)]
  0x00000188c7ea85c0 JavaThread "Unconstrained build operations Thread 31" [_thread_blocked, id=4980, stack(0x0000007cd1000000,0x0000007cd1100000)]
  0x00000188c7ea9f10 JavaThread "Unconstrained build operations Thread 32" [_thread_blocked, id=24128, stack(0x0000007cd1100000,0x0000007cd1200000)]
  0x00000188c7ea9a00 JavaThread "Unconstrained build operations Thread 33" [_thread_blocked, id=17992, stack(0x0000007cd1200000,0x0000007cd1300000)]
  0x00000188c7eaa420 JavaThread "Unconstrained build operations Thread 34" [_thread_blocked, id=23852, stack(0x0000007cd1300000,0x0000007cd1400000)]
  0x00000188c7eaa930 JavaThread "Unconstrained build operations Thread 35" [_thread_blocked, id=15036, stack(0x0000007cd1400000,0x0000007cd1500000)]
  0x00000188c7ea8fe0 JavaThread "Unconstrained build operations Thread 36" [_thread_blocked, id=23016, stack(0x0000007ccb500000,0x0000007ccb600000)]
  0x00000188c7ea7ba0 JavaThread "Unconstrained build operations Thread 37" [_thread_blocked, id=6760, stack(0x0000007ccb600000,0x0000007ccb700000)]
  0x00000188c7eaae40 JavaThread "Unconstrained build operations Thread 38" [_thread_blocked, id=25536, stack(0x0000007ccb700000,0x0000007ccb800000)]
  0x00000188c7ea4e10 JavaThread "jar transforms Thread 2" [_thread_blocked, id=9344, stack(0x0000007ccf100000,0x0000007ccf200000)]
  0x00000188c7ea3ee0 JavaThread "Problems report writer" [_thread_blocked, id=6048, stack(0x0000007cd1500000,0x0000007cd1600000)]
  0x00000188c605ca30 JavaThread "C2 CompilerThread1" daemon [_thread_blocked, id=22860, stack(0x0000007cd1600000,0x0000007cd1700000)]
  0x00000188c7ea94f0 JavaThread "jar transforms Thread 3" [_thread_blocked, id=124, stack(0x0000007cd1700000,0x0000007cd1800000)]
  0x00000188c7ea5830 JavaThread "jar transforms Thread 4" [_thread_blocked, id=5144, stack(0x0000007cd1800000,0x0000007cd1900000)]
  0x00000188c3462780 JavaThread "Keep-Alive-Timer" daemon [_thread_blocked, id=14496, stack(0x0000007cd1900000,0x0000007cd1a00000)]

Other Threads:
=>0x00000188797d84e0 VMThread "VM Thread" [stack: 0x0000007ccbe00000,0x0000007ccbf00000] [id=12216]
  0x00000188c11fa870 WatcherThread [stack: 0x0000007ccca00000,0x0000007cccb00000] [id=7432]
  0x0000018866a56710 GCTaskThread "GC Thread#0" [stack: 0x0000007ccb900000,0x0000007ccba00000] [id=2580]
  0x00000188c12a06e0 GCTaskThread "GC Thread#1" [stack: 0x0000007cccb00000,0x0000007cccc00000] [id=20312]
  0x00000188c12c28c0 GCTaskThread "GC Thread#2" [stack: 0x0000007cccc00000,0x0000007cccd00000] [id=16736]
  0x00000188c164dd50 GCTaskThread "GC Thread#3" [stack: 0x0000007cccd00000,0x0000007ccce00000] [id=17080]
  0x000001887963d0b0 ConcurrentGCThread "G1 Main Marker" [stack: 0x0000007ccba00000,0x0000007ccbb00000] [id=25200]
  0x000001887963e110 ConcurrentGCThread "G1 Conc#0" [stack: 0x0000007ccbb00000,0x0000007ccbc00000] [id=19156]
  0x000001887968f4d0 ConcurrentGCThread "G1 Refine#0" [stack: 0x0000007ccbc00000,0x0000007ccbd00000] [id=17892]
  0x00000188c3b6d0c0 ConcurrentGCThread "G1 Refine#1" [stack: 0x0000007ccee00000,0x0000007ccef00000] [id=20104]
  0x00000188c79384a0 ConcurrentGCThread "G1 Refine#2" [stack: 0x0000007cd0e00000,0x0000007cd0f00000] [id=17176]
  0x000001887968fda0 ConcurrentGCThread "G1 Service" [stack: 0x0000007ccbd00000,0x0000007ccbe00000] [id=20224]

Threads with active compile tasks:
C2 CompilerThread0  110695 25207       4       java.lang.ThreadLocal::get (38 bytes)
C2 CompilerThread1  110695 25190   !   4       com.sun.org.apache.xerces.internal.impl.XMLDocumentFragmentScannerImpl$FragmentContentDriver::next (2331 bytes)

VM state: at safepoint (normal execution)

VM Mutex/Monitor currently owned by a thread:  ([mutex/lock_event])
[0x00000188669a6b40] Threads_lock - owner thread: 0x00000188797d84e0
[0x00000188669a6000] Heap_lock - owner thread: 0x00000188c2cd5870

Heap address: 0x0000000600000000, size: 8192 MB, Compressed Oops mode: Zero based, Oop shift amount: 3

CDS archive(s) mapped at: [0x000001887c000000-0x000001887cbb0000-0x000001887cbb0000), size 12255232, SharedBaseAddress: 0x000001887c000000, ArchiveRelocationMode: 1.
Compressed class space mapped at: 0x000001887d000000-0x00000188bd000000, reserved size: 1073741824
Narrow klass base: 0x000001887c000000, Narrow klass shift: 0, Narrow klass range: 0x100000000

GC Precious Log:
 CPUs: 4 total, 4 available
 Memory: 8109M
 Large Page Support: Disabled
 NUMA Support: Disabled
 Compressed Oops: Enabled (Zero based)
 Heap Region Size: 4M
 Heap Min Capacity: 8M
 Heap Initial Capacity: 128M
 Heap Max Capacity: 8G
 Pre-touch: Disabled
 Parallel Workers: 4
 Concurrent Workers: 1
 Concurrent Refinement Workers: 4
 Periodic GC: Disabled

Heap:
 garbage-first heap   total 1032192K, used 248735K [0x0000000600000000, 0x0000000800000000)
  region size 4096K, 10 young (40960K), 10 survivors (40960K)
 Metaspace       used 183560K, committed 184832K, reserved 1245184K
  class space    used 23916K, committed 24512K, reserved 1048576K

Heap Regions: E=young(eden), S=young(survivor), O=old, HS=humongous(starts), HC=humongous(continues), CS=collection set, F=free, OA=open archive, CA=closed archive, TAMS=top-at-mark-start (previous, next)
|   0|0x0000000600000000, 0x0000000600400000, 0x0000000600400000|100%|HS|  |TAMS 0x0000000600400000, 0x0000000600000000| Complete 
|   1|0x0000000600400000, 0x0000000600800000, 0x0000000600800000|100%| O|  |TAMS 0x0000000600800000, 0x0000000600400000| Untracked 
|   2|0x0000000600800000, 0x0000000600c00000, 0x0000000600c00000|100%| O|  |TAMS 0x0000000600c00000, 0x0000000600800000| Untracked 
|   3|0x0000000600c00000, 0x0000000601000000, 0x0000000601000000|100%| O|  |TAMS 0x0000000601000000, 0x0000000600c00000| Untracked 
|   4|0x0000000601000000, 0x0000000601400000, 0x0000000601400000|100%| O|  |TAMS 0x0000000601400000, 0x0000000601000000| Untracked 
|   5|0x0000000601400000, 0x0000000601800000, 0x0000000601800000|100%|HS|  |TAMS 0x0000000601800000, 0x0000000601400000| Complete 
|   6|0x0000000601800000, 0x0000000601c00000, 0x0000000601c00000|100%| O|  |TAMS 0x0000000601c00000, 0x0000000601800000| Untracked 
|   7|0x0000000601c00000, 0x0000000602000000, 0x0000000602000000|100%| O|  |TAMS 0x0000000602000000, 0x0000000601c00000| Untracked 
|   8|0x0000000602000000, 0x0000000602400000, 0x0000000602400000|100%| O|  |TAMS 0x0000000602400000, 0x0000000602000000| Untracked 
|   9|0x0000000602400000, 0x0000000602800000, 0x0000000602800000|100%| O|  |TAMS 0x0000000602800000, 0x0000000602400000| Untracked 
|  10|0x0000000602800000, 0x0000000602c00000, 0x0000000602c00000|100%| O|  |TAMS 0x0000000602c00000, 0x0000000602800000| Untracked 
|  11|0x0000000602c00000, 0x0000000603000000, 0x0000000603000000|100%|HS|  |TAMS 0x0000000603000000, 0x0000000602c00000| Complete 
|  12|0x0000000603000000, 0x0000000603400000, 0x0000000603400000|100%| O|  |TAMS 0x0000000603400000, 0x0000000603000000| Untracked 
|  13|0x0000000603400000, 0x0000000603800000, 0x0000000603800000|100%| O|  |TAMS 0x0000000603800000, 0x0000000603400000| Untracked 
|  14|0x0000000603800000, 0x0000000603c00000, 0x0000000603c00000|100%| O|  |TAMS 0x0000000603c00000, 0x0000000603800000| Untracked 
|  15|0x0000000603c00000, 0x0000000604000000, 0x0000000604000000|100%| O|  |TAMS 0x0000000604000000, 0x0000000603c00000| Untracked 
|  16|0x0000000604000000, 0x0000000604400000, 0x0000000604400000|100%| O|  |TAMS 0x0000000604400000, 0x0000000604000000| Untracked 
|  17|0x0000000604400000, 0x0000000604800000, 0x0000000604800000|100%| O|  |TAMS 0x0000000604800000, 0x0000000604400000| Untracked 
|  18|0x0000000604800000, 0x0000000604c00000, 0x0000000604c00000|100%| O|  |TAMS 0x0000000604c00000, 0x0000000604800000| Untracked 
|  19|0x0000000604c00000, 0x0000000605000000, 0x0000000605000000|100%| O|  |TAMS 0x0000000605000000, 0x0000000604c00000| Untracked 
|  20|0x0000000605000000, 0x0000000605400000, 0x0000000605400000|100%| O|  |TAMS 0x0000000605400000, 0x0000000605000000| Untracked 
|  21|0x0000000605400000, 0x0000000605800000, 0x0000000605800000|100%| O|  |TAMS 0x0000000605800000, 0x0000000605400000| Untracked 
|  22|0x0000000605800000, 0x0000000605c00000, 0x0000000605c00000|100%| O|  |TAMS 0x0000000605c00000, 0x0000000605800000| Untracked 
|  23|0x0000000605c00000, 0x0000000606000000, 0x0000000606000000|100%| O|  |TAMS 0x0000000606000000, 0x0000000605c00000| Untracked 
|  24|0x0000000606000000, 0x0000000606400000, 0x0000000606400000|100%| O|  |TAMS 0x0000000606400000, 0x0000000606000000| Untracked 
|  25|0x0000000606400000, 0x0000000606800000, 0x0000000606800000|100%| O|  |TAMS 0x0000000606800000, 0x0000000606400000| Untracked 
|  26|0x0000000606800000, 0x0000000606c00000, 0x0000000606c00000|100%| O|  |TAMS 0x0000000606c00000, 0x0000000606800000| Untracked 
|  27|0x0000000606c00000, 0x0000000607000000, 0x0000000607000000|100%| O|  |TAMS 0x0000000607000000, 0x0000000606c00000| Untracked 
|  28|0x0000000607000000, 0x0000000607400000, 0x0000000607400000|100%| O|  |TAMS 0x0000000607400000, 0x0000000607000000| Untracked 
|  29|0x0000000607400000, 0x0000000607800000, 0x0000000607800000|100%| O|  |TAMS 0x0000000607800000, 0x0000000607400000| Untracked 
|  30|0x0000000607800000, 0x0000000607c00000, 0x0000000607c00000|100%| O|  |TAMS 0x0000000607c00000, 0x0000000607800000| Untracked 
|  31|0x0000000607c00000, 0x0000000608000000, 0x0000000608000000|100%| O|  |TAMS 0x0000000608000000, 0x0000000607c00000| Untracked 
|  32|0x0000000608000000, 0x0000000608000000, 0x0000000608400000|  0%| F|  |TAMS 0x0000000608000000, 0x0000000608000000| Untracked 
|  33|0x0000000608400000, 0x0000000608400000, 0x0000000608800000|  0%| F|  |TAMS 0x0000000608400000, 0x0000000608400000| Untracked 
|  34|0x0000000608800000, 0x0000000608c00000, 0x0000000608c00000|100%| O|  |TAMS 0x0000000608c00000, 0x0000000608800000| Untracked 
|  35|0x0000000608c00000, 0x0000000609000000, 0x0000000609000000|100%| O|  |TAMS 0x0000000608c00000, 0x0000000608c00000| Untracked 
|  36|0x0000000609000000, 0x0000000609400000, 0x0000000609400000|100%| O|  |TAMS 0x0000000609400000, 0x0000000609000000| Untracked 
|  37|0x0000000609400000, 0x0000000609800000, 0x0000000609800000|100%| O|  |TAMS 0x0000000609800000, 0x0000000609400000| Untracked 
|  38|0x0000000609800000, 0x0000000609c00000, 0x0000000609c00000|100%| O|  |TAMS 0x0000000609c00000, 0x0000000609800000| Untracked 
|  39|0x0000000609c00000, 0x000000060a000000, 0x000000060a000000|100%| O|  |TAMS 0x0000000609c00000, 0x0000000609c00000| Untracked 
|  40|0x000000060a000000, 0x000000060a400000, 0x000000060a400000|100%| O|  |TAMS 0x000000060a000000, 0x000000060a000000| Untracked 
|  41|0x000000060a400000, 0x000000060a800000, 0x000000060a800000|100%| O|  |TAMS 0x000000060a800000, 0x000000060a400000| Untracked 
|  42|0x000000060a800000, 0x000000060ac00000, 0x000000060ac00000|100%| O|  |TAMS 0x000000060ac00000, 0x000000060a800000| Untracked 
|  43|0x000000060ac00000, 0x000000060b000000, 0x000000060b000000|100%| O|  |TAMS 0x000000060b000000, 0x000000060ac00000| Untracked 
|  44|0x000000060b000000, 0x000000060b400000, 0x000000060b400000|100%| O|  |TAMS 0x000000060b400000, 0x000000060b000000| Untracked 
|  45|0x000000060b400000, 0x000000060b800000, 0x000000060b800000|100%| O|  |TAMS 0x000000060b800000, 0x000000060b400000| Untracked 
|  46|0x000000060b800000, 0x000000060bc00000, 0x000000060bc00000|100%| O|  |TAMS 0x000000060bc00000, 0x000000060b800000| Untracked 
|  47|0x000000060bc00000, 0x000000060c000000, 0x000000060c000000|100%| O|  |TAMS 0x000000060c000000, 0x000000060bc00000| Untracked 
|  48|0x000000060c000000, 0x000000060c400000, 0x000000060c400000|100%| O|  |TAMS 0x000000060c25d800, 0x000000060c000000| Untracked 
|  49|0x000000060c400000, 0x000000060c800000, 0x000000060c800000|100%| O|  |TAMS 0x000000060c400000, 0x000000060c400000| Untracked 
|  50|0x000000060c800000, 0x000000060cc00000, 0x000000060cc00000|100%| O|  |TAMS 0x000000060c800000, 0x000000060c800000| Untracked 
|  51|0x000000060cc00000, 0x000000060d000000, 0x000000060d000000|100%| O|  |TAMS 0x000000060cc00000, 0x000000060cc00000| Untracked 
|  52|0x000000060d000000, 0x000000060d2e8a00, 0x000000060d400000| 72%| O|  |TAMS 0x000000060d000000, 0x000000060d000000| Untracked 
|  53|0x000000060d400000, 0x000000060d400000, 0x000000060d800000|  0%| F|  |TAMS 0x000000060d400000, 0x000000060d400000| Untracked 
|  54|0x000000060d800000, 0x000000060d800000, 0x000000060dc00000|  0%| F|  |TAMS 0x000000060d800000, 0x000000060d800000| Untracked 
|  55|0x000000060dc00000, 0x000000060dc00000, 0x000000060e000000|  0%| F|  |TAMS 0x000000060dc00000, 0x000000060dc00000| Untracked 
|  56|0x000000060e000000, 0x000000060e000000, 0x000000060e400000|  0%| F|  |TAMS 0x000000060e000000, 0x000000060e000000| Untracked 
|  57|0x000000060e400000, 0x000000060e400000, 0x000000060e800000|  0%| F|  |TAMS 0x000000060e400000, 0x000000060e400000| Untracked 
|  58|0x000000060e800000, 0x000000060e800000, 0x000000060ec00000|  0%| F|  |TAMS 0x000000060e800000, 0x000000060e800000| Untracked 
|  59|0x000000060ec00000, 0x000000060ec00000, 0x000000060f000000|  0%| F|  |TAMS 0x000000060ec00000, 0x000000060ec00000| Untracked 
|  60|0x000000060f000000, 0x000000060f000000, 0x000000060f400000|  0%| F|  |TAMS 0x000000060f000000, 0x000000060f000000| Untracked 
|  61|0x000000060f400000, 0x000000060f400000, 0x000000060f800000|  0%| F|  |TAMS 0x000000060f400000, 0x000000060f400000| Untracked 
|  62|0x000000060f800000, 0x000000060f800000, 0x000000060fc00000|  0%| F|  |TAMS 0x000000060f800000, 0x000000060f800000| Untracked 
|  63|0x000000060fc00000, 0x000000060fc00000, 0x0000000610000000|  0%| F|  |TAMS 0x000000060fc00000, 0x000000060fc00000| Untracked 
|  64|0x0000000610000000, 0x0000000610000000, 0x0000000610400000|  0%| F|  |TAMS 0x0000000610000000, 0x0000000610000000| Untracked 
|  65|0x0000000610400000, 0x0000000610400000, 0x0000000610800000|  0%| F|  |TAMS 0x0000000610400000, 0x0000000610400000| Untracked 
|  66|0x0000000610800000, 0x0000000610800000, 0x0000000610c00000|  0%| F|  |TAMS 0x0000000610800000, 0x0000000610800000| Untracked 
|  67|0x0000000610c00000, 0x0000000610c00000, 0x0000000611000000|  0%| F|  |TAMS 0x0000000610c00000, 0x0000000610c00000| Untracked 
|  68|0x0000000611000000, 0x0000000611000000, 0x0000000611400000|  0%| F|  |TAMS 0x0000000611000000, 0x0000000611000000| Untracked 
|  69|0x0000000611400000, 0x0000000611400000, 0x0000000611800000|  0%| F|  |TAMS 0x0000000611400000, 0x0000000611400000| Untracked 
|  70|0x0000000611800000, 0x0000000611800000, 0x0000000611c00000|  0%| F|  |TAMS 0x0000000611800000, 0x0000000611800000| Untracked 
|  71|0x0000000611c00000, 0x0000000611c00000, 0x0000000612000000|  0%| F|  |TAMS 0x0000000611c00000, 0x0000000611c00000| Untracked 
|  72|0x0000000612000000, 0x0000000612000000, 0x0000000612400000|  0%| F|  |TAMS 0x0000000612000000, 0x0000000612000000| Untracked 
|  73|0x0000000612400000, 0x0000000612400000, 0x0000000612800000|  0%| F|  |TAMS 0x0000000612400000, 0x0000000612400000| Untracked 
|  74|0x0000000612800000, 0x0000000612800000, 0x0000000612c00000|  0%| F|  |TAMS 0x0000000612800000, 0x0000000612800000| Untracked 
|  75|0x0000000612c00000, 0x0000000612c00000, 0x0000000613000000|  0%| F|  |TAMS 0x0000000612c00000, 0x0000000612c00000| Untracked 
|  76|0x0000000613000000, 0x0000000613000000, 0x0000000613400000|  0%| F|  |TAMS 0x0000000613000000, 0x0000000613000000| Untracked 
|  77|0x0000000613400000, 0x0000000613400000, 0x0000000613800000|  0%| F|  |TAMS 0x0000000613400000, 0x0000000613400000| Untracked 
|  78|0x0000000613800000, 0x0000000613800000, 0x0000000613c00000|  0%| F|  |TAMS 0x0000000613800000, 0x0000000613800000| Untracked 
|  79|0x0000000613c00000, 0x0000000613c00000, 0x0000000614000000|  0%| F|  |TAMS 0x0000000613c00000, 0x0000000613c00000| Untracked 
|  80|0x0000000614000000, 0x0000000614000000, 0x0000000614400000|  0%| F|  |TAMS 0x0000000614000000, 0x0000000614000000| Untracked 
|  81|0x0000000614400000, 0x0000000614400000, 0x0000000614800000|  0%| F|  |TAMS 0x0000000614400000, 0x0000000614400000| Untracked 
|  82|0x0000000614800000, 0x0000000614800000, 0x0000000614c00000|  0%| F|  |TAMS 0x0000000614800000, 0x0000000614800000| Untracked 
|  83|0x0000000614c00000, 0x0000000614c00000, 0x0000000615000000|  0%| F|  |TAMS 0x0000000614c00000, 0x0000000614c00000| Untracked 
|  84|0x0000000615000000, 0x0000000615000000, 0x0000000615400000|  0%| F|  |TAMS 0x0000000615000000, 0x0000000615000000| Untracked 
|  85|0x0000000615400000, 0x0000000615400000, 0x0000000615800000|  0%| F|  |TAMS 0x0000000615400000, 0x0000000615400000| Untracked 
|  86|0x0000000615800000, 0x0000000615800000, 0x0000000615c00000|  0%| F|  |TAMS 0x0000000615800000, 0x0000000615800000| Untracked 
|  87|0x0000000615c00000, 0x0000000615c00000, 0x0000000616000000|  0%| F|  |TAMS 0x0000000615c00000, 0x0000000615c00000| Untracked 
|  88|0x0000000616000000, 0x0000000616000000, 0x0000000616400000|  0%| F|  |TAMS 0x0000000616000000, 0x0000000616000000| Untracked 
|  89|0x0000000616400000, 0x0000000616400000, 0x0000000616800000|  0%| F|  |TAMS 0x0000000616400000, 0x0000000616400000| Untracked 
|  90|0x0000000616800000, 0x0000000616800000, 0x0000000616c00000|  0%| F|  |TAMS 0x0000000616800000, 0x0000000616800000| Untracked 
|  91|0x0000000616c00000, 0x0000000616fff380, 0x0000000617000000| 99%| S|CS|TAMS 0x0000000616c00000, 0x0000000616c00000| Complete 
|  92|0x0000000617000000, 0x0000000617400000, 0x0000000617400000|100%| S|CS|TAMS 0x0000000617000000, 0x0000000617000000| Complete 
|  93|0x0000000617400000, 0x0000000617800000, 0x0000000617800000|100%| S|CS|TAMS 0x0000000617400000, 0x0000000617400000| Complete 
|  94|0x0000000617800000, 0x0000000617c00000, 0x0000000617c00000|100%| S|CS|TAMS 0x0000000617800000, 0x0000000617800000| Complete 
|  95|0x0000000617c00000, 0x0000000618000000, 0x0000000618000000|100%| S|CS|TAMS 0x0000000617c00000, 0x0000000617c00000| Complete 
|  96|0x0000000618000000, 0x0000000618400000, 0x0000000618400000|100%| S|CS|TAMS 0x0000000618000000, 0x0000000618000000| Complete 
|  97|0x0000000618400000, 0x0000000618400000, 0x0000000618800000|  0%| F|  |TAMS 0x0000000618400000, 0x0000000618400000| Untracked 
|  98|0x0000000618800000, 0x0000000618800000, 0x0000000618c00000|  0%| F|  |TAMS 0x0000000618800000, 0x0000000618800000| Untracked 
|  99|0x0000000618c00000, 0x0000000619000000, 0x0000000619000000|100%| S|CS|TAMS 0x0000000618c00000, 0x0000000618c00000| Complete 
| 100|0x0000000619000000, 0x0000000619400000, 0x0000000619400000|100%| S|CS|TAMS 0x0000000619000000, 0x0000000619000000| Complete 
| 101|0x0000000619400000, 0x0000000619400000, 0x0000000619800000|  0%| F|  |TAMS 0x0000000619400000, 0x0000000619400000| Untracked 
| 102|0x0000000619800000, 0x0000000619800000, 0x0000000619c00000|  0%| F|  |TAMS 0x0000000619800000, 0x0000000619800000| Untracked 
| 103|0x0000000619c00000, 0x000000061a000000, 0x000000061a000000|100%| S|CS|TAMS 0x0000000619c00000, 0x0000000619c00000| Complete 
| 104|0x000000061a000000, 0x000000061a400000, 0x000000061a400000|100%| S|CS|TAMS 0x000000061a000000, 0x000000061a000000| Complete 
| 105|0x000000061a400000, 0x000000061a400000, 0x000000061a800000|  0%| F|  |TAMS 0x000000061a400000, 0x000000061a400000| Untracked 
| 106|0x000000061a800000, 0x000000061a800000, 0x000000061ac00000|  0%| F|  |TAMS 0x000000061a800000, 0x000000061a800000| Untracked 
| 107|0x000000061ac00000, 0x000000061ac00000, 0x000000061b000000|  0%| F|  |TAMS 0x000000061ac00000, 0x000000061ac00000| Untracked 
| 108|0x000000061b000000, 0x000000061b000000, 0x000000061b400000|  0%| F|  |TAMS 0x000000061b000000, 0x000000061b000000| Untracked 
| 109|0x000000061b400000, 0x000000061b400000, 0x000000061b800000|  0%| F|  |TAMS 0x000000061b400000, 0x000000061b400000| Untracked 
| 110|0x000000061b800000, 0x000000061b800000, 0x000000061bc00000|  0%| F|  |TAMS 0x000000061b800000, 0x000000061b800000| Untracked 
| 111|0x000000061bc00000, 0x000000061bc00000, 0x000000061c000000|  0%| F|  |TAMS 0x000000061bc00000, 0x000000061bc00000| Untracked 
| 112|0x000000061c000000, 0x000000061c000000, 0x000000061c400000|  0%| F|  |TAMS 0x000000061c000000, 0x000000061c000000| Untracked 
| 113|0x000000061c400000, 0x000000061c400000, 0x000000061c800000|  0%| F|  |TAMS 0x000000061c400000, 0x000000061c400000| Untracked 
| 114|0x000000061c800000, 0x000000061c800000, 0x000000061cc00000|  0%| F|  |TAMS 0x000000061c800000, 0x000000061c800000| Untracked 
| 115|0x000000061cc00000, 0x000000061cc00000, 0x000000061d000000|  0%| F|  |TAMS 0x000000061cc00000, 0x000000061cc00000| Untracked 
| 116|0x000000061d000000, 0x000000061d000000, 0x000000061d400000|  0%| F|  |TAMS 0x000000061d000000, 0x000000061d000000| Untracked 
| 117|0x000000061d400000, 0x000000061d400000, 0x000000061d800000|  0%| F|  |TAMS 0x000000061d400000, 0x000000061d400000| Untracked 
| 118|0x000000061d800000, 0x000000061d800000, 0x000000061dc00000|  0%| F|  |TAMS 0x000000061d800000, 0x000000061d800000| Untracked 
| 119|0x000000061dc00000, 0x000000061dc00000, 0x000000061e000000|  0%| F|  |TAMS 0x000000061dc00000, 0x000000061dc00000| Untracked 
| 120|0x000000061e000000, 0x000000061e000000, 0x000000061e400000|  0%| F|  |TAMS 0x000000061e000000, 0x000000061e000000| Untracked 
| 121|0x000000061e400000, 0x000000061e400000, 0x000000061e800000|  0%| F|  |TAMS 0x000000061e400000, 0x000000061e400000| Untracked 
| 122|0x000000061e800000, 0x000000061e800000, 0x000000061ec00000|  0%| F|  |TAMS 0x000000061e800000, 0x000000061e800000| Untracked 
| 123|0x000000061ec00000, 0x000000061ec00000, 0x000000061f000000|  0%| F|  |TAMS 0x000000061ec00000, 0x000000061ec00000| Untracked 
| 124|0x000000061f000000, 0x000000061f000000, 0x000000061f400000|  0%| F|  |TAMS 0x000000061f000000, 0x000000061f000000| Untracked 
| 125|0x000000061f400000, 0x000000061f400000, 0x000000061f800000|  0%| F|  |TAMS 0x000000061f400000, 0x000000061f400000| Untracked 
| 126|0x000000061f800000, 0x000000061f800000, 0x000000061fc00000|  0%| F|  |TAMS 0x000000061f800000, 0x000000061f800000| Untracked 
| 127|0x000000061fc00000, 0x000000061fc00000, 0x0000000620000000|  0%| F|  |TAMS 0x000000061fc00000, 0x000000061fc00000| Untracked 
| 128|0x0000000620000000, 0x0000000620000000, 0x0000000620400000|  0%| F|  |TAMS 0x0000000620000000, 0x0000000620000000| Untracked 
| 129|0x0000000620400000, 0x0000000620400000, 0x0000000620800000|  0%| F|  |TAMS 0x0000000620400000, 0x0000000620400000| Untracked 
| 130|0x0000000620800000, 0x0000000620800000, 0x0000000620c00000|  0%| F|  |TAMS 0x0000000620800000, 0x0000000620800000| Untracked 
| 131|0x0000000620c00000, 0x0000000620c00000, 0x0000000621000000|  0%| F|  |TAMS 0x0000000620c00000, 0x0000000620c00000| Untracked 
| 132|0x0000000621000000, 0x0000000621000000, 0x0000000621400000|  0%| F|  |TAMS 0x0000000621000000, 0x0000000621000000| Untracked 
| 133|0x0000000621400000, 0x0000000621400000, 0x0000000621800000|  0%| F|  |TAMS 0x0000000621400000, 0x0000000621400000| Untracked 
| 134|0x0000000621800000, 0x0000000621800000, 0x0000000621c00000|  0%| F|  |TAMS 0x0000000621800000, 0x0000000621800000| Untracked 
| 135|0x0000000621c00000, 0x0000000621c00000, 0x0000000622000000|  0%| F|  |TAMS 0x0000000621c00000, 0x0000000621c00000| Untracked 
| 136|0x0000000622000000, 0x0000000622000000, 0x0000000622400000|  0%| F|  |TAMS 0x0000000622000000, 0x0000000622000000| Untracked 
| 137|0x0000000622400000, 0x0000000622400000, 0x0000000622800000|  0%| F|  |TAMS 0x0000000622400000, 0x0000000622400000| Untracked 
| 138|0x0000000622800000, 0x0000000622800000, 0x0000000622c00000|  0%| F|  |TAMS 0x0000000622800000, 0x0000000622800000| Untracked 
| 139|0x0000000622c00000, 0x0000000622c00000, 0x0000000623000000|  0%| F|  |TAMS 0x0000000622c00000, 0x0000000622c00000| Untracked 
| 140|0x0000000623000000, 0x0000000623000000, 0x0000000623400000|  0%| F|  |TAMS 0x0000000623000000, 0x0000000623000000| Untracked 
| 141|0x0000000623400000, 0x0000000623400000, 0x0000000623800000|  0%| F|  |TAMS 0x0000000623400000, 0x0000000623400000| Untracked 
| 142|0x0000000623800000, 0x0000000623800000, 0x0000000623c00000|  0%| F|  |TAMS 0x0000000623800000, 0x0000000623800000| Untracked 
| 143|0x0000000623c00000, 0x0000000623c00000, 0x0000000624000000|  0%| F|  |TAMS 0x0000000623c00000, 0x0000000623c00000| Untracked 
| 144|0x0000000624000000, 0x0000000624000000, 0x0000000624400000|  0%| F|  |TAMS 0x0000000624000000, 0x0000000624000000| Untracked 
| 145|0x0000000624400000, 0x0000000624400000, 0x0000000624800000|  0%| F|  |TAMS 0x0000000624400000, 0x0000000624400000| Untracked 
| 146|0x0000000624800000, 0x0000000624800000, 0x0000000624c00000|  0%| F|  |TAMS 0x0000000624800000, 0x0000000624800000| Untracked 
| 147|0x0000000624c00000, 0x0000000624c00000, 0x0000000625000000|  0%| F|  |TAMS 0x0000000624c00000, 0x0000000624c00000| Untracked 
| 148|0x0000000625000000, 0x0000000625000000, 0x0000000625400000|  0%| F|  |TAMS 0x0000000625000000, 0x0000000625000000| Untracked 
| 149|0x0000000625400000, 0x0000000625400000, 0x0000000625800000|  0%| F|  |TAMS 0x0000000625400000, 0x0000000625400000| Untracked 
| 150|0x0000000625800000, 0x0000000625800000, 0x0000000625c00000|  0%| F|  |TAMS 0x0000000625800000, 0x0000000625800000| Untracked 
| 151|0x0000000625c00000, 0x0000000625c00000, 0x0000000626000000|  0%| F|  |TAMS 0x0000000625c00000, 0x0000000625c00000| Untracked 
| 152|0x0000000626000000, 0x0000000626000000, 0x0000000626400000|  0%| F|  |TAMS 0x0000000626000000, 0x0000000626000000| Untracked 
| 153|0x0000000626400000, 0x0000000626400000, 0x0000000626800000|  0%| F|  |TAMS 0x0000000626400000, 0x0000000626400000| Untracked 
| 154|0x0000000626800000, 0x0000000626800000, 0x0000000626c00000|  0%| F|  |TAMS 0x0000000626800000, 0x0000000626800000| Untracked 
| 155|0x0000000626c00000, 0x0000000626c00000, 0x0000000627000000|  0%| F|  |TAMS 0x0000000626c00000, 0x0000000626c00000| Untracked 
| 156|0x0000000627000000, 0x0000000627000000, 0x0000000627400000|  0%| F|  |TAMS 0x0000000627000000, 0x0000000627000000| Untracked 
| 157|0x0000000627400000, 0x0000000627400000, 0x0000000627800000|  0%| F|  |TAMS 0x0000000627400000, 0x0000000627400000| Untracked 
| 158|0x0000000627800000, 0x0000000627800000, 0x0000000627c00000|  0%| F|  |TAMS 0x0000000627800000, 0x0000000627800000| Untracked 
| 159|0x0000000627c00000, 0x0000000627c00000, 0x0000000628000000|  0%| F|  |TAMS 0x0000000627c00000, 0x0000000627c00000| Untracked 
| 160|0x0000000628000000, 0x0000000628000000, 0x0000000628400000|  0%| F|  |TAMS 0x0000000628000000, 0x0000000628000000| Untracked 
| 161|0x0000000628400000, 0x0000000628400000, 0x0000000628800000|  0%| F|  |TAMS 0x0000000628400000, 0x0000000628400000| Untracked 
| 162|0x0000000628800000, 0x0000000628800000, 0x0000000628c00000|  0%| F|  |TAMS 0x0000000628800000, 0x0000000628800000| Untracked 
| 163|0x0000000628c00000, 0x0000000628c00000, 0x0000000629000000|  0%| F|  |TAMS 0x0000000628c00000, 0x0000000628c00000| Untracked 
| 164|0x0000000629000000, 0x0000000629000000, 0x0000000629400000|  0%| F|  |TAMS 0x0000000629000000, 0x0000000629000000| Untracked 
| 165|0x0000000629400000, 0x0000000629400000, 0x0000000629800000|  0%| F|  |TAMS 0x0000000629400000, 0x0000000629400000| Untracked 
| 166|0x0000000629800000, 0x0000000629800000, 0x0000000629c00000|  0%| F|  |TAMS 0x0000000629800000, 0x0000000629800000| Untracked 
| 167|0x0000000629c00000, 0x0000000629c00000, 0x000000062a000000|  0%| F|  |TAMS 0x0000000629c00000, 0x0000000629c00000| Untracked 
| 168|0x000000062a000000, 0x000000062a000000, 0x000000062a400000|  0%| F|  |TAMS 0x000000062a000000, 0x000000062a000000| Untracked 
| 169|0x000000062a400000, 0x000000062a400000, 0x000000062a800000|  0%| F|  |TAMS 0x000000062a400000, 0x000000062a400000| Untracked 
| 170|0x000000062a800000, 0x000000062a800000, 0x000000062ac00000|  0%| F|  |TAMS 0x000000062a800000, 0x000000062a800000| Untracked 
| 171|0x000000062ac00000, 0x000000062ac00000, 0x000000062b000000|  0%| F|  |TAMS 0x000000062ac00000, 0x000000062ac00000| Untracked 
| 172|0x000000062b000000, 0x000000062b000000, 0x000000062b400000|  0%| F|  |TAMS 0x000000062b000000, 0x000000062b000000| Untracked 
| 173|0x000000062b400000, 0x000000062b400000, 0x000000062b800000|  0%| F|  |TAMS 0x000000062b400000, 0x000000062b400000| Untracked 
| 174|0x000000062b800000, 0x000000062b800000, 0x000000062bc00000|  0%| F|  |TAMS 0x000000062b800000, 0x000000062b800000| Untracked 
| 175|0x000000062bc00000, 0x000000062bc00000, 0x000000062c000000|  0%| F|  |TAMS 0x000000062bc00000, 0x000000062bc00000| Untracked 
| 176|0x000000062c000000, 0x000000062c000000, 0x000000062c400000|  0%| F|  |TAMS 0x000000062c000000, 0x000000062c000000| Untracked 
| 177|0x000000062c400000, 0x000000062c400000, 0x000000062c800000|  0%| F|  |TAMS 0x000000062c400000, 0x000000062c400000| Untracked 
| 178|0x000000062c800000, 0x000000062c800000, 0x000000062cc00000|  0%| F|  |TAMS 0x000000062c800000, 0x000000062c800000| Untracked 
| 179|0x000000062cc00000, 0x000000062cc00000, 0x000000062d000000|  0%| F|  |TAMS 0x000000062cc00000, 0x000000062cc00000| Untracked 
| 180|0x000000062d000000, 0x000000062d000000, 0x000000062d400000|  0%| F|  |TAMS 0x000000062d000000, 0x000000062d000000| Untracked 
| 181|0x000000062d400000, 0x000000062d400000, 0x000000062d800000|  0%| F|  |TAMS 0x000000062d400000, 0x000000062d400000| Untracked 
| 182|0x000000062d800000, 0x000000062d800000, 0x000000062dc00000|  0%| F|  |TAMS 0x000000062d800000, 0x000000062d800000| Untracked 
| 183|0x000000062dc00000, 0x000000062dc00000, 0x000000062e000000|  0%| F|  |TAMS 0x000000062dc00000, 0x000000062dc00000| Untracked 
| 184|0x000000062e000000, 0x000000062e000000, 0x000000062e400000|  0%| F|  |TAMS 0x000000062e000000, 0x000000062e000000| Untracked 
| 185|0x000000062e400000, 0x000000062e400000, 0x000000062e800000|  0%| F|  |TAMS 0x000000062e400000, 0x000000062e400000| Untracked 
| 186|0x000000062e800000, 0x000000062e800000, 0x000000062ec00000|  0%| F|  |TAMS 0x000000062e800000, 0x000000062e800000| Untracked 
| 187|0x000000062ec00000, 0x000000062ec00000, 0x000000062f000000|  0%| F|  |TAMS 0x000000062ec00000, 0x000000062ec00000| Untracked 
| 188|0x000000062f000000, 0x000000062f000000, 0x000000062f400000|  0%| F|  |TAMS 0x000000062f000000, 0x000000062f000000| Untracked 
| 189|0x000000062f400000, 0x000000062f400000, 0x000000062f800000|  0%| F|  |TAMS 0x000000062f400000, 0x000000062f400000| Untracked 
| 190|0x000000062f800000, 0x000000062f800000, 0x000000062fc00000|  0%| F|  |TAMS 0x000000062f800000, 0x000000062f800000| Untracked 
| 191|0x000000062fc00000, 0x000000062fc00000, 0x0000000630000000|  0%| F|  |TAMS 0x000000062fc00000, 0x000000062fc00000| Untracked 
| 192|0x0000000630000000, 0x0000000630000000, 0x0000000630400000|  0%| F|  |TAMS 0x0000000630000000, 0x0000000630000000| Untracked 
| 193|0x0000000630400000, 0x0000000630400000, 0x0000000630800000|  0%| F|  |TAMS 0x0000000630400000, 0x0000000630400000| Untracked 
| 194|0x0000000630800000, 0x0000000630800000, 0x0000000630c00000|  0%| F|  |TAMS 0x0000000630800000, 0x0000000630800000| Untracked 
| 195|0x0000000630c00000, 0x0000000630c00000, 0x0000000631000000|  0%| F|  |TAMS 0x0000000630c00000, 0x0000000630c00000| Untracked 
| 196|0x0000000631000000, 0x0000000631000000, 0x0000000631400000|  0%| F|  |TAMS 0x0000000631000000, 0x0000000631000000| Untracked 
| 197|0x0000000631400000, 0x0000000631400000, 0x0000000631800000|  0%| F|  |TAMS 0x0000000631400000, 0x0000000631400000| Untracked 
| 198|0x0000000631800000, 0x0000000631800000, 0x0000000631c00000|  0%| F|  |TAMS 0x0000000631800000, 0x0000000631800000| Untracked 
| 199|0x0000000631c00000, 0x0000000631c00000, 0x0000000632000000|  0%| F|  |TAMS 0x0000000631c00000, 0x0000000631c00000| Untracked 
| 200|0x0000000632000000, 0x0000000632000000, 0x0000000632400000|  0%| F|  |TAMS 0x0000000632000000, 0x0000000632000000| Untracked 
| 201|0x0000000632400000, 0x0000000632400000, 0x0000000632800000|  0%| F|  |TAMS 0x0000000632400000, 0x0000000632400000| Untracked 
| 202|0x0000000632800000, 0x0000000632800000, 0x0000000632c00000|  0%| F|  |TAMS 0x0000000632800000, 0x0000000632800000| Untracked 
| 203|0x0000000632c00000, 0x0000000632c00000, 0x0000000633000000|  0%| F|  |TAMS 0x0000000632c00000, 0x0000000632c00000| Untracked 
| 204|0x0000000633000000, 0x0000000633000000, 0x0000000633400000|  0%| F|  |TAMS 0x0000000633000000, 0x0000000633000000| Untracked 
| 205|0x0000000633400000, 0x0000000633400000, 0x0000000633800000|  0%| F|  |TAMS 0x0000000633400000, 0x0000000633400000| Untracked 
| 206|0x0000000633800000, 0x0000000633800000, 0x0000000633c00000|  0%| F|  |TAMS 0x0000000633800000, 0x0000000633800000| Untracked 
| 207|0x0000000633c00000, 0x0000000633c00000, 0x0000000634000000|  0%| F|  |TAMS 0x0000000633c00000, 0x0000000633c00000| Untracked 
| 208|0x0000000634000000, 0x0000000634000000, 0x0000000634400000|  0%| F|  |TAMS 0x0000000634000000, 0x0000000634000000| Untracked 
| 209|0x0000000634400000, 0x0000000634400000, 0x0000000634800000|  0%| F|  |TAMS 0x0000000634400000, 0x0000000634400000| Untracked 
| 210|0x0000000634800000, 0x0000000634800000, 0x0000000634c00000|  0%| F|  |TAMS 0x0000000634800000, 0x0000000634800000| Untracked 
| 211|0x0000000634c00000, 0x0000000634c00000, 0x0000000635000000|  0%| F|  |TAMS 0x0000000634c00000, 0x0000000634c00000| Untracked 
| 212|0x0000000635000000, 0x0000000635000000, 0x0000000635400000|  0%| F|  |TAMS 0x0000000635000000, 0x0000000635000000| Untracked 
| 213|0x0000000635400000, 0x0000000635400000, 0x0000000635800000|  0%| F|  |TAMS 0x0000000635400000, 0x0000000635400000| Untracked 
| 214|0x0000000635800000, 0x0000000635800000, 0x0000000635c00000|  0%| F|  |TAMS 0x0000000635800000, 0x0000000635800000| Untracked 
| 215|0x0000000635c00000, 0x0000000635c00000, 0x0000000636000000|  0%| F|  |TAMS 0x0000000635c00000, 0x0000000635c00000| Untracked 
| 216|0x0000000636000000, 0x0000000636000000, 0x0000000636400000|  0%| F|  |TAMS 0x0000000636000000, 0x0000000636000000| Untracked 
| 217|0x0000000636400000, 0x0000000636400000, 0x0000000636800000|  0%| F|  |TAMS 0x0000000636400000, 0x0000000636400000| Untracked 
| 218|0x0000000636800000, 0x0000000636800000, 0x0000000636c00000|  0%| F|  |TAMS 0x0000000636800000, 0x0000000636800000| Untracked 
| 219|0x0000000636c00000, 0x0000000636c00000, 0x0000000637000000|  0%| F|  |TAMS 0x0000000636c00000, 0x0000000636c00000| Untracked 
| 220|0x0000000637000000, 0x0000000637000000, 0x0000000637400000|  0%| F|  |TAMS 0x0000000637000000, 0x0000000637000000| Untracked 
| 221|0x0000000637400000, 0x0000000637400000, 0x0000000637800000|  0%| F|  |TAMS 0x0000000637400000, 0x0000000637400000| Untracked 
| 222|0x0000000637800000, 0x0000000637800000, 0x0000000637c00000|  0%| F|  |TAMS 0x0000000637800000, 0x0000000637800000| Untracked 
| 223|0x0000000637c00000, 0x0000000637c00000, 0x0000000638000000|  0%| F|  |TAMS 0x0000000637c00000, 0x0000000637c00000| Untracked 
| 224|0x0000000638000000, 0x0000000638000000, 0x0000000638400000|  0%| F|  |TAMS 0x0000000638000000, 0x0000000638000000| Untracked 
| 225|0x0000000638400000, 0x0000000638400000, 0x0000000638800000|  0%| F|  |TAMS 0x0000000638400000, 0x0000000638400000| Untracked 
| 226|0x0000000638800000, 0x0000000638800000, 0x0000000638c00000|  0%| F|  |TAMS 0x0000000638800000, 0x0000000638800000| Untracked 
| 227|0x0000000638c00000, 0x0000000638c00000, 0x0000000639000000|  0%| F|  |TAMS 0x0000000638c00000, 0x0000000638c00000| Untracked 
| 228|0x0000000639000000, 0x0000000639000000, 0x0000000639400000|  0%| F|  |TAMS 0x0000000639000000, 0x0000000639000000| Untracked 
| 229|0x0000000639400000, 0x0000000639400000, 0x0000000639800000|  0%| F|  |TAMS 0x0000000639400000, 0x0000000639400000| Untracked 
| 230|0x0000000639800000, 0x0000000639800000, 0x0000000639c00000|  0%| F|  |TAMS 0x0000000639800000, 0x0000000639800000| Untracked 
| 231|0x0000000639c00000, 0x0000000639c00000, 0x000000063a000000|  0%| F|  |TAMS 0x0000000639c00000, 0x0000000639c00000| Untracked 
| 232|0x000000063a000000, 0x000000063a000000, 0x000000063a400000|  0%| F|  |TAMS 0x000000063a000000, 0x000000063a000000| Untracked 
| 233|0x000000063a400000, 0x000000063a400000, 0x000000063a800000|  0%| F|  |TAMS 0x000000063a400000, 0x000000063a400000| Untracked 
| 234|0x000000063a800000, 0x000000063a800000, 0x000000063ac00000|  0%| F|  |TAMS 0x000000063a800000, 0x000000063a800000| Untracked 
| 235|0x000000063ac00000, 0x000000063ac00000, 0x000000063b000000|  0%| F|  |TAMS 0x000000063ac00000, 0x000000063ac00000| Untracked 
| 236|0x000000063b000000, 0x000000063b000000, 0x000000063b400000|  0%| F|  |TAMS 0x000000063b000000, 0x000000063b000000| Untracked 
| 237|0x000000063b400000, 0x000000063b400000, 0x000000063b800000|  0%| F|  |TAMS 0x000000063b400000, 0x000000063b400000| Untracked 
| 238|0x000000063b800000, 0x000000063b800000, 0x000000063bc00000|  0%| F|  |TAMS 0x000000063b800000, 0x000000063b800000| Untracked 
| 239|0x000000063bc00000, 0x000000063bc00000, 0x000000063c000000|  0%| F|  |TAMS 0x000000063bc00000, 0x000000063bc00000| Untracked 
| 240|0x000000063c000000, 0x000000063c000000, 0x000000063c400000|  0%| F|  |TAMS 0x000000063c000000, 0x000000063c000000| Untracked 
| 241|0x000000063c400000, 0x000000063c400000, 0x000000063c800000|  0%| F|  |TAMS 0x000000063c400000, 0x000000063c400000| Untracked 
| 242|0x000000063c800000, 0x000000063c800000, 0x000000063cc00000|  0%| F|  |TAMS 0x000000063c800000, 0x000000063c800000| Untracked 
| 243|0x000000063cc00000, 0x000000063cc00000, 0x000000063d000000|  0%| F|  |TAMS 0x000000063cc00000, 0x000000063cc00000| Untracked 
| 244|0x000000063d000000, 0x000000063d000000, 0x000000063d400000|  0%| F|  |TAMS 0x000000063d000000, 0x000000063d000000| Untracked 
| 245|0x000000063d400000, 0x000000063d400000, 0x000000063d800000|  0%| F|  |TAMS 0x000000063d400000, 0x000000063d400000| Untracked 
| 246|0x000000063d800000, 0x000000063d800000, 0x000000063dc00000|  0%| F|  |TAMS 0x000000063d800000, 0x000000063d800000| Untracked 
| 247|0x000000063dc00000, 0x000000063dc00000, 0x000000063e000000|  0%| F|  |TAMS 0x000000063dc00000, 0x000000063dc00000| Untracked 
| 248|0x000000063e000000, 0x000000063e000000, 0x000000063e400000|  0%| F|  |TAMS 0x000000063e000000, 0x000000063e000000| Untracked 
| 249|0x000000063e400000, 0x000000063e400000, 0x000000063e800000|  0%| F|  |TAMS 0x000000063e400000, 0x000000063e400000| Untracked 
| 250|0x000000063e800000, 0x000000063e800000, 0x000000063ec00000|  0%| F|  |TAMS 0x000000063e800000, 0x000000063e800000| Untracked 
| 251|0x000000063ec00000, 0x000000063ec00000, 0x000000063f000000|  0%| F|  |TAMS 0x000000063ec00000, 0x000000063ec00000| Untracked 

Card table byte_map: [0x000001886f630000,0x0000018870630000] _byte_map_base: 0x000001886c630000

Marking Bits (Prev, Next): (CMBitMap*) 0x0000018866a56bd0, (CMBitMap*) 0x0000018866a56c10
 Prev Bits: [0x0000018871630000, 0x0000018879630000)
 Next Bits: [0x0000018820000000, 0x0000018828000000)

Polling page: 0x0000018864900000

Metaspace:

Usage:
  Non-class:    155.90 MB used.
      Class:     23.36 MB used.
       Both:    179.26 MB used.

Virtual space:
  Non-class space:      192.00 MB reserved,     156.56 MB ( 82%) committed,  3 nodes.
      Class space:        1.00 GB reserved,      23.94 MB (  2%) committed,  1 nodes.
             Both:        1.19 GB reserved,     180.50 MB ( 15%) committed. 

Chunk freelists:
   Non-Class:  3.41 MB
       Class:  8.09 MB
        Both:  11.51 MB

MaxMetaspaceSize: 4.00 GB
CompressedClassSpaceSize: 1.00 GB
Initial GC threshold: 21.00 MB
Current GC threshold: 272.12 MB
CDS: on
MetaspaceReclaimPolicy: balanced
 - commit_granule_bytes: 65536.
 - commit_granule_words: 8192.
 - virtual_space_node_default_size: 8388608.
 - enlarge_chunks_in_place: 1.
 - new_chunks_are_fully_committed: 0.
 - uncommit_free_chunks: 1.
 - use_allocation_guard: 0.
 - handle_deallocations: 1.


Internal statistics:

num_allocs_failed_limit: 9.
num_arena_births: 1862.
num_arena_deaths: 2.
num_vsnodes_births: 4.
num_vsnodes_deaths: 0.
num_space_committed: 2885.
num_space_uncommitted: 0.
num_chunks_returned_to_freelist: 13.
num_chunks_taken_from_freelist: 9207.
num_chunk_merges: 9.
num_chunk_splits: 6512.
num_chunks_enlarged: 4815.
num_inconsistent_stats: 0.

CodeHeap 'non-profiled nmethods': size=259264Kb used=15403Kb max_used=15403Kb free=243860Kb
 bounds [0x00000188102d0000, 0x00000188111e0000, 0x0000018820000000]
CodeHeap 'profiled nmethods': size=259264Kb used=40404Kb max_used=40404Kb free=218859Kb
 bounds [0x0000018800000000, 0x0000018802780000, 0x000001880fd30000]
CodeHeap 'non-nmethods': size=5760Kb used=2677Kb max_used=2803Kb free=3082Kb
 bounds [0x000001880fd30000, 0x0000018810010000, 0x00000188102d0000]
 total_blobs=21487 nmethods=20225 adapters=1172
 compilation: enabled
              stopped_count=0, restarted_count=0
 full_count=0

Compilation events (20 events):
Event: 110.520 Thread 0x0000018879804520 nmethod 25192 0x00000188111d8f10 code [0x00000188111d90c0, 0x00000188111d9268]
Event: 110.520 Thread 0x0000018879804520 24993       4       java.lang.reflect.Field::getAnnotation (23 bytes)
Event: 110.527 Thread 0x0000018879805770 25203       1       com.sun.xml.bind.v2.runtime.unmarshaller.UnmarshallingContext$State::getElementDefaultValue (5 bytes)
Event: 110.527 Thread 0x0000018879805770 nmethod 25203 0x00000188111d9410 code [0x00000188111d95a0, 0x00000188111d9678]
Event: 110.527 Thread 0x0000018879805770 25204       1       com.sun.xml.bind.v2.runtime.unmarshaller.UnmarshallingContext$State::setElementDefaultValue (6 bytes)
Event: 110.527 Thread 0x0000018879805770 nmethod 25204 0x00000188111d9710 code [0x00000188111d98a0, 0x00000188111d99b8]
Event: 110.529 Thread 0x0000018879805770 25205       3       com.sun.xml.bind.v2.runtime.FilterTransducer::parse (11 bytes)
Event: 110.529 Thread 0x0000018879805770 nmethod 25205 0x0000018802772190 code [0x0000018802772340, 0x0000018802772528]
Event: 110.529 Thread 0x0000018879805770 25206       3       com.sun.xml.bind.DatatypeConverterImpl::_parseInt (128 bytes)
Event: 110.530 Thread 0x0000018879805770 nmethod 25206 0x0000018802772610 code [0x00000188027728c0, 0x00000188027734d8]
Event: 110.531 Thread 0x0000018879804520 nmethod 24993 0x00000188111d9a10 code [0x00000188111d9be0, 0x00000188111da1d0]
Event: 110.531 Thread 0x0000018879805770 25208       1       com.android.repository.impl.generated.v2.CompleteType::setSize (6 bytes)
Event: 110.531 Thread 0x0000018879804520 25207       4       java.lang.ThreadLocal::get (38 bytes)
Event: 110.531 Thread 0x0000018879805770 nmethod 25208 0x00000188111da690 code [0x00000188111da820, 0x00000188111da8f8]
Event: 110.531 Thread 0x0000018879805770 25209   !   3       com.sun.xml.bind.v2.runtime.reflect.Accessor$GetterSetterReflection::set (58 bytes)
Event: 110.532 Thread 0x0000018879805770 nmethod 25209 0x0000018802773890 code [0x0000018802773b00, 0x0000018802774648]
Event: 110.532 Thread 0x0000018879805770 25210       1       com.android.repository.impl.generated.v2.CompleteType::setUrl (6 bytes)
Event: 110.532 Thread 0x0000018879805770 nmethod 25210 0x00000188111da990 code [0x00000188111dab20, 0x00000188111dac38]
Event: 110.538 Thread 0x0000018879805770 25214       3       java.util.ServiceLoader$LazyClassPathLookupIterator::hasNext (42 bytes)
Event: 110.539 Thread 0x0000018879805770 nmethod 25214 0x0000018802774b90 code [0x0000018802774dc0, 0x0000018802775458]

GC Heap History (20 events):
Event: 59.040 GC heap after
{Heap after GC invocations=71 (full 0):
 garbage-first heap   total 405504K, used 195787K [0x0000000600000000, 0x0000000800000000)
  region size 4096K, 2 young (8192K), 2 survivors (8192K)
 Metaspace       used 166216K, committed 167296K, reserved 1245184K
  class space    used 21811K, committed 22336K, reserved 1048576K
}
Event: 60.140 GC heap before
{Heap before GC invocations=72 (full 0):
 garbage-first heap   total 471040K, used 339147K [0x0000000600000000, 0x0000000800000000)
  region size 4096K, 37 young (151552K), 2 survivors (8192K)
 Metaspace       used 166216K, committed 167296K, reserved 1245184K
  class space    used 21807K, committed 22336K, reserved 1048576K
}
Event: 60.149 GC heap after
{Heap after GC invocations=73 (full 0):
 garbage-first heap   total 471040K, used 200069K [0x0000000600000000, 0x0000000800000000)
  region size 4096K, 3 young (12288K), 3 survivors (12288K)
 Metaspace       used 166216K, committed 167296K, reserved 1245184K
  class space    used 21807K, committed 22336K, reserved 1048576K
}
Event: 60.172 GC heap before
{Heap before GC invocations=73 (full 0):
 garbage-first heap   total 471040K, used 208261K [0x0000000600000000, 0x0000000800000000)
  region size 4096K, 5 young (20480K), 3 survivors (12288K)
 Metaspace       used 166216K, committed 167296K, reserved 1245184K
  class space    used 21807K, committed 22336K, reserved 1048576K
}
Event: 60.262 GC heap after
{Heap after GC invocations=74 (full 0):
 garbage-first heap   total 1032192K, used 197261K [0x0000000600000000, 0x0000000800000000)
  region size 4096K, 1 young (4096K), 1 survivors (4096K)
 Metaspace       used 166216K, committed 167296K, reserved 1245184K
  class space    used 21807K, committed 22336K, reserved 1048576K
}
Event: 71.573 GC heap before
{Heap before GC invocations=74 (full 0):
 garbage-first heap   total 1032192K, used 811661K [0x0000000600000000, 0x0000000800000000)
  region size 4096K, 151 young (618496K), 1 survivors (4096K)
 Metaspace       used 167336K, committed 168384K, reserved 1245184K
  class space    used 21905K, committed 22400K, reserved 1048576K
}
Event: 72.115 GC heap after
{Heap after GC invocations=75 (full 0):
 garbage-first heap   total 1032192K, used 220545K [0x0000000600000000, 0x0000000800000000)
  region size 4096K, 6 young (24576K), 6 survivors (24576K)
 Metaspace       used 167336K, committed 168384K, reserved 1245184K
  class space    used 21905K, committed 22400K, reserved 1048576K
}
Event: 81.105 GC heap before
{Heap before GC invocations=75 (full 0):
 garbage-first heap   total 1032192K, used 605569K [0x0000000600000000, 0x0000000800000000)
  region size 4096K, 101 young (413696K), 6 survivors (24576K)
 Metaspace       used 167383K, committed 168448K, reserved 1245184K
  class space    used 21907K, committed 22400K, reserved 1048576K
}
Event: 81.156 GC heap after
{Heap after GC invocations=76 (full 0):
 garbage-first heap   total 1032192K, used 228743K [0x0000000600000000, 0x0000000800000000)
  region size 4096K, 8 young (32768K), 8 survivors (32768K)
 Metaspace       used 167383K, committed 168448K, reserved 1245184K
  class space    used 21907K, committed 22400K, reserved 1048576K
}
Event: 82.312 GC heap before
{Heap before GC invocations=76 (full 0):
 garbage-first heap   total 1032192K, used 535943K [0x0000000600000000, 0x0000000800000000)
  region size 4096K, 83 young (339968K), 8 survivors (32768K)
 Metaspace       used 167388K, committed 168448K, reserved 1245184K
  class space    used 21908K, committed 22400K, reserved 1048576K
}
Event: 82.408 GC heap after
{Heap after GC invocations=77 (full 0):
 garbage-first heap   total 1032192K, used 222553K [0x0000000600000000, 0x0000000800000000)
  region size 4096K, 2 young (8192K), 2 survivors (8192K)
 Metaspace       used 167388K, committed 168448K, reserved 1245184K
  class space    used 21908K, committed 22400K, reserved 1048576K
}
Event: 88.058 GC heap before
{Heap before GC invocations=77 (full 0):
 garbage-first heap   total 1032192K, used 832857K [0x0000000600000000, 0x0000000800000000)
  region size 4096K, 151 young (618496K), 2 survivors (8192K)
 Metaspace       used 167500K, committed 168576K, reserved 1245184K
  class space    used 21910K, committed 22400K, reserved 1048576K
}
Event: 88.071 GC heap after
{Heap after GC invocations=78 (full 0):
 garbage-first heap   total 1032192K, used 226513K [0x0000000600000000, 0x0000000800000000)
  region size 4096K, 3 young (12288K), 3 survivors (12288K)
 Metaspace       used 167500K, committed 168576K, reserved 1245184K
  class space    used 21910K, committed 22400K, reserved 1048576K
}
Event: 89.727 GC heap before
{Heap before GC invocations=78 (full 0):
 garbage-first heap   total 1032192K, used 832721K [0x0000000600000000, 0x0000000800000000)
  region size 4096K, 152 young (622592K), 3 survivors (12288K)
 Metaspace       used 167571K, committed 168640K, reserved 1245184K
  class space    used 21910K, committed 22400K, reserved 1048576K
}
Event: 89.739 GC heap after
{Heap after GC invocations=79 (full 0):
 garbage-first heap   total 1032192K, used 225466K [0x0000000600000000, 0x0000000800000000)
  region size 4096K, 3 young (12288K), 3 survivors (12288K)
 Metaspace       used 167571K, committed 168640K, reserved 1245184K
  class space    used 21910K, committed 22400K, reserved 1048576K
}
Event: 92.951 GC heap before
{Heap before GC invocations=79 (full 0):
 garbage-first heap   total 1032192K, used 831674K [0x0000000600000000, 0x0000000800000000)
  region size 4096K, 151 young (618496K), 3 survivors (12288K)
 Metaspace       used 167633K, committed 168704K, reserved 1245184K
  class space    used 21910K, committed 22400K, reserved 1048576K
}
Event: 92.967 GC heap after
{Heap after GC invocations=80 (full 0):
 garbage-first heap   total 1032192K, used 227125K [0x0000000600000000, 0x0000000800000000)
  region size 4096K, 3 young (12288K), 3 survivors (12288K)
 Metaspace       used 167633K, committed 168704K, reserved 1245184K
  class space    used 21910K, committed 22400K, reserved 1048576K
}
Event: 100.813 GC heap before
{Heap before GC invocations=80 (full 0):
 garbage-first heap   total 1032192K, used 833333K [0x0000000600000000, 0x0000000800000000)
  region size 4096K, 151 young (618496K), 3 survivors (12288K)
 Metaspace       used 167715K, committed 168704K, reserved 1245184K
  class space    used 21921K, committed 22400K, reserved 1048576K
}
Event: 100.968 GC heap after
{Heap after GC invocations=81 (full 0):
 garbage-first heap   total 1032192K, used 228727K [0x0000000600000000, 0x0000000800000000)
  region size 4096K, 4 young (16384K), 4 survivors (16384K)
 Metaspace       used 167715K, committed 168704K, reserved 1245184K
  class space    used 21921K, committed 22400K, reserved 1048576K
}
Event: 110.546 GC heap before
{Heap before GC invocations=81 (full 0):
 garbage-first heap   total 1032192K, used 826743K [0x0000000600000000, 0x0000000800000000)
  region size 4096K, 151 young (618496K), 4 survivors (16384K)
 Metaspace       used 183560K, committed 184832K, reserved 1245184K
  class space    used 23916K, committed 24512K, reserved 1048576K
}

Dll operation events (16 events):
Event: 0.012 Loaded shared library C:\Program Files\Eclipse Adoptium\jdk-17.0.17.10-hotspot\bin\java.dll
Event: 0.028 Loaded shared library C:\Program Files\Eclipse Adoptium\jdk-17.0.17.10-hotspot\bin\jsvml.dll
Event: 0.086 Loaded shared library C:\Program Files\Eclipse Adoptium\jdk-17.0.17.10-hotspot\bin\zip.dll
Event: 0.091 Loaded shared library C:\Program Files\Eclipse Adoptium\jdk-17.0.17.10-hotspot\bin\instrument.dll
Event: 0.094 Loaded shared library C:\Program Files\Eclipse Adoptium\jdk-17.0.17.10-hotspot\bin\net.dll
Event: 0.096 Loaded shared library C:\Program Files\Eclipse Adoptium\jdk-17.0.17.10-hotspot\bin\nio.dll
Event: 0.098 Loaded shared library C:\Program Files\Eclipse Adoptium\jdk-17.0.17.10-hotspot\bin\zip.dll
Event: 0.445 Loaded shared library C:\Program Files\Eclipse Adoptium\jdk-17.0.17.10-hotspot\bin\jimage.dll
Event: 0.635 Loaded shared library C:\Program Files\Eclipse Adoptium\jdk-17.0.17.10-hotspot\bin\verify.dll
Event: 0.751 Loaded shared library C:\Users\David\.gradle\native\1def1411415f61bf3af743bc5b6707747c0891f09f0c88961ee8f79bc544acac\windows-amd64\native-platform.dll
Event: 0.769 Loaded shared library C:\Users\David\.gradle\native\0.2.7\x86_64-windows-gnu\gradle-fileevents.dll
Event: 2.404 Loaded shared library C:\Program Files\Eclipse Adoptium\jdk-17.0.17.10-hotspot\bin\management.dll
Event: 2.408 Loaded shared library C:\Program Files\Eclipse Adoptium\jdk-17.0.17.10-hotspot\bin\management_ext.dll
Event: 2.844 Loaded shared library C:\Program Files\Eclipse Adoptium\jdk-17.0.17.10-hotspot\bin\extnet.dll
Event: 3.138 Loaded shared library C:\Program Files\Eclipse Adoptium\jdk-17.0.17.10-hotspot\bin\sunmscapi.dll
Event: 110.095 Loaded shared library C:\Users\David\AppData\Local\Temp\jna-65805908\jna8298928734460306346.dll

Deoptimization events (20 events):
Event: 110.479 Thread 0x00000188c2cd5870 DEOPT PACKING pc=0x00000188026e3d8d sp=0x0000007ccd5f8d80
Event: 110.479 Thread 0x00000188c2cd5870 DEOPT UNPACKING pc=0x000001880fd87143 sp=0x0000007ccd5f8200 mode 0
Event: 110.481 Thread 0x00000188c2cd5870 DEOPT PACKING pc=0x000001880071f0e8 sp=0x0000007ccd5f88c0
Event: 110.481 Thread 0x00000188c2cd5870 DEOPT UNPACKING pc=0x000001880fd87143 sp=0x0000007ccd5f7d48 mode 0
Event: 110.481 Thread 0x00000188c2cd5870 DEOPT PACKING pc=0x00000188026e3d8d sp=0x0000007ccd5f8d80
Event: 110.481 Thread 0x00000188c2cd5870 DEOPT UNPACKING pc=0x000001880fd87143 sp=0x0000007ccd5f8200 mode 0
Event: 110.482 Thread 0x00000188c2cd5870 DEOPT PACKING pc=0x00000188026e3d8d sp=0x0000007ccd5f8d80
Event: 110.482 Thread 0x00000188c2cd5870 DEOPT UNPACKING pc=0x000001880fd87143 sp=0x0000007ccd5f8200 mode 0
Event: 110.485 Thread 0x00000188c2cd5870 DEOPT PACKING pc=0x00000188024df39a sp=0x0000007ccd5f8d20
Event: 110.485 Thread 0x00000188c2cd5870 DEOPT UNPACKING pc=0x000001880fd87143 sp=0x0000007ccd5f81c0 mode 0
Event: 110.485 Thread 0x00000188c2cd5870 DEOPT PACKING pc=0x00000188026e3d8d sp=0x0000007ccd5f8d80
Event: 110.485 Thread 0x00000188c2cd5870 DEOPT UNPACKING pc=0x000001880fd87143 sp=0x0000007ccd5f8200 mode 0
Event: 110.485 Thread 0x00000188c2cd5870 DEOPT PACKING pc=0x00000188024df39a sp=0x0000007ccd5f8d40
Event: 110.485 Thread 0x00000188c2cd5870 DEOPT UNPACKING pc=0x000001880fd87143 sp=0x0000007ccd5f81e0 mode 0
Event: 110.485 Thread 0x00000188c2cd5870 DEOPT PACKING pc=0x00000188026e3d8d sp=0x0000007ccd5f8d80
Event: 110.485 Thread 0x00000188c2cd5870 DEOPT UNPACKING pc=0x000001880fd87143 sp=0x0000007ccd5f8200 mode 0
Event: 110.488 Thread 0x00000188c2cd5870 DEOPT PACKING pc=0x00000188024df39a sp=0x0000007ccd5f8d20
Event: 110.488 Thread 0x00000188c2cd5870 DEOPT UNPACKING pc=0x000001880fd87143 sp=0x0000007ccd5f81c0 mode 0
Event: 110.488 Thread 0x00000188c2cd5870 DEOPT PACKING pc=0x00000188024df39a sp=0x0000007ccd5f8d20
Event: 110.488 Thread 0x00000188c2cd5870 DEOPT UNPACKING pc=0x000001880fd87143 sp=0x0000007ccd5f81c0 mode 0

Classes loaded (20 events):
Event: 108.948 Loading class sun/security/ssl/SSLEngineOutputRecord$HandshakeFragment
Event: 108.950 Loading class sun/security/ssl/SSLEngineOutputRecord$HandshakeFragment done
Event: 108.950 Loading class sun/security/ssl/SSLEngineOutputRecord$HandshakeMemo
Event: 108.950 Loading class sun/security/ssl/SSLEngineOutputRecord$RecordMemo
Event: 108.950 Loading class sun/security/ssl/SSLEngineOutputRecord$RecordMemo done
Event: 108.950 Loading class sun/security/ssl/SSLEngineOutputRecord$HandshakeMemo done
Event: 108.989 Loading class sun/security/ssl/PreSharedKeyExtension$SHPreSharedKeySpec
Event: 108.990 Loading class sun/security/ssl/PreSharedKeyExtension$SHPreSharedKeySpec done
Event: 109.266 Loading class sun/security/ssl/Alert
Event: 109.292 Loading class sun/security/ssl/Alert done
Event: 109.299 Loading class sun/security/ssl/Alert$AlertConsumer
Event: 109.323 Loading class sun/security/ssl/Alert$AlertConsumer done
Event: 109.323 Loading class sun/security/ssl/Alert$Level
Event: 109.323 Loading class sun/security/ssl/Alert$Level done
Event: 110.097 Loading class java/nio/ShortBuffer
Event: 110.098 Loading class java/nio/ShortBuffer done
Event: 110.098 Loading class java/nio/FloatBuffer
Event: 110.099 Loading class java/nio/FloatBuffer done
Event: 110.100 Loading class java/nio/DoubleBuffer
Event: 110.101 Loading class java/nio/DoubleBuffer done

Classes unloaded (4 events):
Event: 59.545 Thread 0x00000188797d84e0 Unloading class 0x000001887e5ac7d0 '_BuildScript_$_run_closure1$_closure3'
Event: 59.545 Thread 0x00000188797d84e0 Unloading class 0x000001887e5ac3e8 '_BuildScript_$_run_closure1$_closure2'
Event: 59.545 Thread 0x00000188797d84e0 Unloading class 0x000001887e5ac000 '_BuildScript_$_run_closure1'
Event: 59.545 Thread 0x00000188797d84e0 Unloading class 0x000001887e5a0800 '_BuildScript_'

Classes redefined (0 events):
No events

Internal exceptions (20 events):
Event: 108.960 Thread 0x00000188d5fad850 Exception <a 'sun/nio/fs/WindowsException'{0x0000000625001b48}> (0x0000000625001b48) 
thrown [s\src\hotspot\share\prims\jni.cpp, line 516]
Event: 108.960 Thread 0x00000188d5fad850 Exception <a 'sun/nio/fs/WindowsException'{0x0000000625002050}> (0x0000000625002050) 
thrown [s\src\hotspot\share\prims\jni.cpp, line 516]
Event: 108.961 Thread 0x00000188d5fb05e0 Exception <a 'sun/nio/fs/WindowsException'{0x00000006252251b8}> (0x00000006252251b8) 
thrown [s\src\hotspot\share\prims\jni.cpp, line 516]
Event: 108.961 Thread 0x00000188d5fad850 Exception <a 'sun/nio/fs/WindowsException'{0x0000000625002538}> (0x0000000625002538) 
thrown [s\src\hotspot\share\prims\jni.cpp, line 516]
Event: 108.961 Thread 0x00000188d5fb05e0 Exception <a 'sun/nio/fs/WindowsException'{0x00000006252256c0}> (0x00000006252256c0) 
thrown [s\src\hotspot\share\prims\jni.cpp, line 516]
Event: 108.961 Thread 0x00000188d5fb05e0 Exception <a 'sun/nio/fs/WindowsException'{0x0000000625225ba8}> (0x0000000625225ba8) 
thrown [s\src\hotspot\share\prims\jni.cpp, line 516]
Event: 108.961 Thread 0x00000188d5fb3370 Exception <a 'sun/nio/fs/WindowsException'{0x0000000624c01b08}> (0x0000000624c01b08) 
thrown [s\src\hotspot\share\prims\jni.cpp, line 516]
Event: 108.962 Thread 0x00000188cdac4570 Exception <a 'sun/nio/fs/WindowsException'{0x0000000625802528}> (0x0000000625802528) 
thrown [s\src\hotspot\share\prims\jni.cpp, line 516]
Event: 108.962 Thread 0x00000188cdac68e0 Exception <a 'sun/nio/fs/WindowsException'{0x0000000625913b88}> (0x0000000625913b88) 
thrown [s\src\hotspot\share\prims\jni.cpp, line 516]
Event: 108.962 Thread 0x00000188cdac68e0 Exception <a 'sun/nio/fs/WindowsException'{0x0000000625914070}> (0x0000000625914070) 
thrown [s\src\hotspot\share\prims\jni.cpp, line 516]
Event: 108.963 Thread 0x00000188cdac4f90 Exception <a 'sun/nio/fs/WindowsException'{0x0000000625a251b8}> (0x0000000625a251b8) 
thrown [s\src\hotspot\share\prims\jni.cpp, line 516]
Event: 108.963 Thread 0x00000188cdac4f90 Exception <a 'sun/nio/fs/WindowsException'{0x0000000625a256c0}> (0x0000000625a256c0) 
thrown [s\src\hotspot\share\prims\jni.cpp, line 516]
Event: 108.963 Thread 0x00000188cdac4f90 Exception <a 'sun/nio/fs/WindowsException'{0x0000000625a25ba8}> (0x0000000625a25ba8) 
thrown [s\src\hotspot\share\prims\jni.cpp, line 516]
Event: 108.964 Thread 0x00000188d5fb1a20 Exception <a 'sun/nio/fs/WindowsException'{0x0000000625336ca0}> (0x0000000625336ca0) 
thrown [s\src\hotspot\share\prims\jni.cpp, line 516]
Event: 108.964 Thread 0x00000188d5fb1a20 Exception <a 'sun/nio/fs/WindowsException'{0x00000006253371a0}> (0x00000006253371a0) 
thrown [s\src\hotspot\share\prims\jni.cpp, line 516]
Event: 108.964 Thread 0x00000188d5fb1a20 Exception <a 'sun/nio/fs/WindowsException'{0x0000000625337680}> (0x0000000625337680) 
thrown [s\src\hotspot\share\prims\jni.cpp, line 516]
Event: 108.962 Thread 0x00000188d5fb3370 Exception <a 'sun/nio/fs/WindowsException'{0x0000000624c02008}> (0x0000000624c02008) 
thrown [s\src\hotspot\share\prims\jni.cpp, line 516]
Event: 108.965 Thread 0x00000188d5fb3370 Exception <a 'sun/nio/fs/WindowsException'{0x0000000624c024e8}> (0x0000000624c024e8) 
thrown [s\src\hotspot\share\prims\jni.cpp, line 516]
Event: 110.215 Thread 0x00000188c2cd5870 Exception <a 'java/lang/UnsatisfiedLinkError'{0x000000061c9b4760}: No se encontró el proceso especificado.
> (0x000000061c9b4760) 
thrown [s\src\hotspot\share\prims\jni.cpp, line 535]
Event: 110.224 Thread 0x00000188c2cd5870 Exception <a 'java/lang/UnsatisfiedLinkError'{0x000000061ca0b770}: No se encontró el proceso especificado.
> (0x000000061ca0b770) 
thrown [s\src\hotspot\share\prims\jni.cpp, line 535]

VM Operations (20 events):
Event: 108.423 Executing VM operation: HandshakeAllThreads done
Event: 108.705 Executing VM operation: HandshakeAllThreads
Event: 108.705 Executing VM operation: HandshakeAllThreads done
Event: 108.802 Executing VM operation: HandshakeAllThreads
Event: 108.803 Executing VM operation: HandshakeAllThreads done
Event: 108.805 Executing VM operation: HandshakeAllThreads
Event: 108.805 Executing VM operation: HandshakeAllThreads done
Event: 108.812 Executing VM operation: HandshakeAllThreads
Event: 108.812 Executing VM operation: HandshakeAllThreads done
Event: 108.870 Executing VM operation: HandshakeAllThreads
Event: 108.877 Executing VM operation: HandshakeAllThreads done
Event: 108.881 Executing VM operation: ICBufferFull
Event: 108.892 Executing VM operation: ICBufferFull done
Event: 108.969 Executing VM operation: ICBufferFull
Event: 108.969 Executing VM operation: ICBufferFull done
Event: 109.974 Executing VM operation: Cleanup
Event: 109.975 Executing VM operation: Cleanup done
Event: 110.145 Executing VM operation: HandshakeAllThreads
Event: 110.145 Executing VM operation: HandshakeAllThreads done
Event: 110.546 Executing VM operation: G1CollectForAllocation

Memory protections (0 events):
No events

Nmethod flushes (20 events):
Event: 108.909 Thread 0x0000018879808920 flushing  nmethod 0x0000018800d7dc10
Event: 108.923 Thread 0x0000018879808920 flushing  nmethod 0x0000018801dd3a90
Event: 108.923 Thread 0x0000018879808920 flushing  nmethod 0x0000018801dd7610
Event: 108.923 Thread 0x0000018879808920 flushing  nmethod 0x0000018801ddb110
Event: 108.923 Thread 0x0000018879808920 flushing  nmethod 0x0000018801ddde10
Event: 108.923 Thread 0x0000018879808920 flushing  nmethod 0x0000018801e30c90
Event: 108.925 Thread 0x0000018879808920 flushing  nmethod 0x000001880203a590
Event: 108.925 Thread 0x0000018879808920 flushing  nmethod 0x0000018802086790
Event: 108.925 Thread 0x0000018879808920 flushing osr nmethod 0x00000188020ab510
Event: 108.925 Thread 0x0000018879808920 flushing  nmethod 0x00000188020b3490
Event: 108.925 Thread 0x0000018879808920 flushing  nmethod 0x00000188020b4110
Event: 108.926 Thread 0x0000018879808920 flushing  nmethod 0x00000188020c0410
Event: 108.926 Thread 0x0000018879808920 flushing  nmethod 0x00000188020c7010
Event: 108.926 Thread 0x0000018879808920 flushing  nmethod 0x00000188020d3790
Event: 108.926 Thread 0x0000018879808920 flushing  nmethod 0x00000188020d3d90
Event: 108.926 Thread 0x0000018879808920 flushing  nmethod 0x00000188020d6410
Event: 108.926 Thread 0x0000018879808920 flushing  nmethod 0x00000188020da190
Event: 108.926 Thread 0x0000018879808920 flushing  nmethod 0x0000018802116b90
Event: 108.926 Thread 0x0000018879808920 flushing  nmethod 0x0000018802117a10
Event: 108.927 Thread 0x0000018879808920 flushing  nmethod 0x00000188021a5610

Events (20 events):
Event: 109.387 Thread 0x00000188d5fadd60 Thread exited: 0x00000188d5fadd60
Event: 109.387 Thread 0x00000188d5fb3d90 Thread exited: 0x00000188d5fb3d90
Event: 109.387 Thread 0x00000188d5fb2e60 Thread exited: 0x00000188d5fb2e60
Event: 109.392 Thread 0x00000188d5fae780 Thread exited: 0x00000188d5fae780
Event: 109.396 Thread 0x00000188d5fad340 Thread exited: 0x00000188d5fad340
Event: 109.419 Thread 0x00000188d5fb42a0 Thread exited: 0x00000188d5fb42a0
Event: 109.472 Thread 0x00000188d5face30 Thread added: 0x00000188d5fb2950
Event: 109.473 Thread 0x00000188d5fb1a20 Thread exited: 0x00000188d5fb1a20
Event: 109.476 Thread 0x00000188d5fad850 Thread exited: 0x00000188d5fad850
Event: 109.482 Thread 0x00000188d5fb3370 Thread exited: 0x00000188d5fb3370
Event: 109.500 Thread 0x00000188d5fb2950 Thread exited: 0x00000188d5fb2950
Event: 109.510 Thread 0x00000188d5fb05e0 Thread exited: 0x00000188d5fb05e0
Event: 109.511 Thread 0x00000188cdac4060 Thread exited: 0x00000188cdac4060
Event: 109.511 Thread 0x00000188c3406590 Thread exited: 0x00000188c3406590
Event: 109.515 Thread 0x00000188cdac4f90 Thread exited: 0x00000188cdac4f90
Event: 109.519 Thread 0x00000188cdac4a80 Thread exited: 0x00000188cdac4a80
Event: 109.525 Thread 0x00000188cdac63d0 Thread exited: 0x00000188cdac63d0
Event: 109.535 Thread 0x00000188cdac4570 Thread exited: 0x00000188cdac4570
Event: 109.543 Thread 0x00000188d5fb0af0 Thread exited: 0x00000188d5fb0af0
Event: 109.586 Thread 0x00000188d5face30 Thread exited: 0x00000188d5face30


Dynamic libraries:
0x00007ff74cc40000 - 0x00007ff74cc4e000 	C:\Program Files\Eclipse Adoptium\jdk-17.0.17.10-hotspot\bin\java.exe
0x00007ffc9e1d0000 - 0x00007ffc9e3c8000 	C:\WINDOWS\SYSTEM32\ntdll.dll
0x00007ffc67630000 - 0x00007ffc67651000 	C:\Program Files\Avast Software\Avast\aswhook.dll
0x00007ffc9e010000 - 0x00007ffc9e0d2000 	C:\WINDOWS\System32\KERNEL32.DLL
0x00007ffc9bce0000 - 0x00007ffc9bfd6000 	C:\WINDOWS\System32\KERNELBASE.dll
0x00007ffc9c0a0000 - 0x00007ffc9c1a0000 	C:\WINDOWS\System32\ucrtbase.dll
0x00007ffc823d0000 - 0x00007ffc823e8000 	C:\Program Files\Eclipse Adoptium\jdk-17.0.17.10-hotspot\bin\jli.dll
0x00007ffc7db30000 - 0x00007ffc7db4e000 	C:\Program Files\Eclipse Adoptium\jdk-17.0.17.10-hotspot\bin\VCRUNTIME140.dll
0x00007ffc9d090000 - 0x00007ffc9d231000 	C:\WINDOWS\System32\USER32.dll
0x00007ffc9c070000 - 0x00007ffc9c092000 	C:\WINDOWS\System32\win32u.dll
0x00007ffc889a0000 - 0x00007ffc88c3b000 	C:\WINDOWS\WinSxS\amd64_microsoft.windows.common-controls_6595b64144ccf1df_6.0.19041.6456_none_60b8a6cb71f64256\COMCTL32.dll
0x00007ffc9c250000 - 0x00007ffc9c27b000 	C:\WINDOWS\System32\GDI32.dll
0x00007ffc9d2d0000 - 0x00007ffc9d36e000 	C:\WINDOWS\System32\msvcrt.dll
0x00007ffc9b860000 - 0x00007ffc9b979000 	C:\WINDOWS\System32\gdi32full.dll
0x00007ffc9bb10000 - 0x00007ffc9bbad000 	C:\WINDOWS\System32\msvcp_win.dll
0x00007ffc9c810000 - 0x00007ffc9c83f000 	C:\WINDOWS\System32\IMM32.DLL
0x00007ffc83de0000 - 0x00007ffc83dec000 	C:\Program Files\Eclipse Adoptium\jdk-17.0.17.10-hotspot\bin\vcruntime140_1.dll
0x00007ffc36330000 - 0x00007ffc363bd000 	C:\Program Files\Eclipse Adoptium\jdk-17.0.17.10-hotspot\bin\msvcp140.dll
0x00007ffbd6de0000 - 0x00007ffbd7a4b000 	C:\Program Files\Eclipse Adoptium\jdk-17.0.17.10-hotspot\bin\server\jvm.dll
0x00007ffc9d9b0000 - 0x00007ffc9da61000 	C:\WINDOWS\System32\ADVAPI32.dll
0x00007ffc9da70000 - 0x00007ffc9db0f000 	C:\WINDOWS\System32\sechost.dll
0x00007ffc9c4e0000 - 0x00007ffc9c600000 	C:\WINDOWS\System32\RPCRT4.dll
0x00007ffc9b980000 - 0x00007ffc9b9a7000 	C:\WINDOWS\System32\bcrypt.dll
0x00007ffc9d010000 - 0x00007ffc9d07b000 	C:\WINDOWS\System32\WS2_32.dll
0x00007ffc9b240000 - 0x00007ffc9b28b000 	C:\WINDOWS\SYSTEM32\POWRPROF.dll
0x00007ffc92360000 - 0x00007ffc9236a000 	C:\WINDOWS\SYSTEM32\VERSION.dll
0x00007ffc75d40000 - 0x00007ffc75d67000 	C:\WINDOWS\SYSTEM32\WINMM.dll
0x00007ffc9b220000 - 0x00007ffc9b232000 	C:\WINDOWS\SYSTEM32\UMPDC.dll
0x00007ffc996b0000 - 0x00007ffc996c2000 	C:\WINDOWS\SYSTEM32\kernel.appcore.dll
0x00007ffc7eab0000 - 0x00007ffc7eaba000 	C:\Program Files\Eclipse Adoptium\jdk-17.0.17.10-hotspot\bin\jimage.dll
0x00007ffc95d10000 - 0x00007ffc95f11000 	C:\WINDOWS\SYSTEM32\DBGHELP.DLL
0x00007ffc90690000 - 0x00007ffc906c4000 	C:\WINDOWS\SYSTEM32\dbgcore.DLL
0x00007ffc9bfe0000 - 0x00007ffc9c062000 	C:\WINDOWS\System32\bcryptPrimitives.dll
0x00007ffc75860000 - 0x00007ffc7586e000 	C:\Program Files\Eclipse Adoptium\jdk-17.0.17.10-hotspot\bin\instrument.dll
0x00007ffc54030000 - 0x00007ffc54055000 	C:\Program Files\Eclipse Adoptium\jdk-17.0.17.10-hotspot\bin\java.dll
0x00007ffc326b0000 - 0x00007ffc32787000 	C:\Program Files\Eclipse Adoptium\jdk-17.0.17.10-hotspot\bin\jsvml.dll
0x00007ffc9c8a0000 - 0x00007ffc9d010000 	C:\WINDOWS\System32\SHELL32.dll
0x00007ffc998d0000 - 0x00007ffc9a075000 	C:\WINDOWS\SYSTEM32\windows.storage.dll
0x00007ffc9d490000 - 0x00007ffc9d7e4000 	C:\WINDOWS\System32\combase.dll
0x00007ffc9b290000 - 0x00007ffc9b2bb000 	C:\WINDOWS\SYSTEM32\Wldp.dll
0x00007ffc9c6e0000 - 0x00007ffc9c7ad000 	C:\WINDOWS\System32\OLEAUT32.dll
0x00007ffc9c280000 - 0x00007ffc9c32d000 	C:\WINDOWS\System32\SHCORE.dll
0x00007ffc9c840000 - 0x00007ffc9c89b000 	C:\WINDOWS\System32\shlwapi.dll
0x00007ffc9b790000 - 0x00007ffc9b7b4000 	C:\WINDOWS\SYSTEM32\profapi.dll
0x00007ffc6af20000 - 0x00007ffc6af38000 	C:\Program Files\Eclipse Adoptium\jdk-17.0.17.10-hotspot\bin\zip.dll
0x00007ffc6d170000 - 0x00007ffc6d18a000 	C:\Program Files\Eclipse Adoptium\jdk-17.0.17.10-hotspot\bin\net.dll
0x00007ffc96300000 - 0x00007ffc9640a000 	C:\WINDOWS\SYSTEM32\WINHTTP.dll
0x00007ffc9af80000 - 0x00007ffc9afea000 	C:\WINDOWS\system32\mswsock.dll
0x00007ffc6afc0000 - 0x00007ffc6afd6000 	C:\Program Files\Eclipse Adoptium\jdk-17.0.17.10-hotspot\bin\nio.dll
0x00007ffc74220000 - 0x00007ffc74230000 	C:\Program Files\Eclipse Adoptium\jdk-17.0.17.10-hotspot\bin\verify.dll
0x00007ffc60c20000 - 0x00007ffc60c47000 	C:\Users\David\.gradle\native\1def1411415f61bf3af743bc5b6707747c0891f09f0c88961ee8f79bc544acac\windows-amd64\native-platform.dll
0x00007ffc60ba0000 - 0x00007ffc60c18000 	C:\Users\David\.gradle\native\0.2.7\x86_64-windows-gnu\gradle-fileevents.dll
0x00007ffc7e870000 - 0x00007ffc7e87a000 	C:\Program Files\Eclipse Adoptium\jdk-17.0.17.10-hotspot\bin\management.dll
0x00007ffc71ab0000 - 0x00007ffc71abc000 	C:\Program Files\Eclipse Adoptium\jdk-17.0.17.10-hotspot\bin\management_ext.dll
0x00007ffc9d7f0000 - 0x00007ffc9d7f8000 	C:\WINDOWS\System32\PSAPI.DLL
0x00007ffc9ac60000 - 0x00007ffc9ac9b000 	C:\WINDOWS\SYSTEM32\IPHLPAPI.DLL
0x00007ffc9d080000 - 0x00007ffc9d088000 	C:\WINDOWS\System32\NSI.dll
0x00007ffc8c4b0000 - 0x00007ffc8c4c7000 	C:\WINDOWS\SYSTEM32\dhcpcsvc6.DLL
0x00007ffc8b0b0000 - 0x00007ffc8b0cd000 	C:\WINDOWS\SYSTEM32\dhcpcsvc.DLL
0x00007ffc9aca0000 - 0x00007ffc9ad6a000 	C:\WINDOWS\SYSTEM32\DNSAPI.dll
0x00007ffc7d750000 - 0x00007ffc7d759000 	C:\Program Files\Eclipse Adoptium\jdk-17.0.17.10-hotspot\bin\extnet.dll
0x00007ffc9b170000 - 0x00007ffc9b188000 	C:\WINDOWS\SYSTEM32\CRYPTSP.dll
0x00007ffc9a830000 - 0x00007ffc9a868000 	C:\WINDOWS\system32\rsaenh.dll
0x00007ffc9b710000 - 0x00007ffc9b73e000 	C:\WINDOWS\SYSTEM32\USERENV.dll
0x00007ffc9b190000 - 0x00007ffc9b19c000 	C:\WINDOWS\SYSTEM32\CRYPTBASE.dll
0x00007ffc7e200000 - 0x00007ffc7e20e000 	C:\Program Files\Eclipse Adoptium\jdk-17.0.17.10-hotspot\bin\sunmscapi.dll
0x00007ffc9b9b0000 - 0x00007ffc9bb0d000 	C:\WINDOWS\System32\CRYPT32.dll
0x00007ffc9b300000 - 0x00007ffc9b327000 	C:\WINDOWS\SYSTEM32\ncrypt.dll
0x00007ffc9b2c0000 - 0x00007ffc9b2fb000 	C:\WINDOWS\SYSTEM32\NTASN1.dll
0x00007ffc71cc0000 - 0x00007ffc71cc7000 	C:\WINDOWS\system32\wshunix.dll
0x00007ffc71c50000 - 0x00007ffc71c67000 	C:\WINDOWS\system32\napinsp.dll
0x00007ffc71c70000 - 0x00007ffc71c8b000 	C:\WINDOWS\system32\pnrpnsp.dll
0x00007ffc96200000 - 0x00007ffc9621d000 	C:\WINDOWS\system32\wshbth.dll
0x00007ffc962d0000 - 0x00007ffc962ed000 	C:\WINDOWS\system32\NLAapi.dll
0x00007ffc71c90000 - 0x00007ffc71ca2000 	C:\WINDOWS\System32\winrnr.dll
0x00007ffc899b0000 - 0x00007ffc899ba000 	C:\Windows\System32\rasadhlp.dll
0x00007ffc88700000 - 0x00007ffc88780000 	C:\WINDOWS\System32\fwpuclnt.dll
0x00007ffc60b50000 - 0x00007ffc60b91000 	C:\Users\David\AppData\Local\Temp\jna-65805908\jna8298928734460306346.dll

dbghelp: loaded successfully - version: 4.0.5 - missing functions: none
symbol engine: initialized successfully - sym options: 0x614 - pdb path: .;C:\Program Files\Eclipse Adoptium\jdk-17.0.17.10-hotspot\bin;C:\WINDOWS\SYSTEM32;C:\Program Files\Avast Software\Avast;C:\WINDOWS\WinSxS\amd64_microsoft.windows.common-controls_6595b64144ccf1df_6.0.19041.6456_none_60b8a6cb71f64256;C:\Program Files\Eclipse Adoptium\jdk-17.0.17.10-hotspot\bin\server;C:\Users\David\.gradle\native\1def1411415f61bf3af743bc5b6707747c0891f09f0c88961ee8f79bc544acac\windows-amd64;C:\Users\David\.gradle\native\0.2.7\x86_64-windows-gnu;C:\Users\David\AppData\Local\Temp\jna-65805908

VM Arguments:
jvm_args: --add-opens=java.base/java.lang=ALL-UNNAMED --add-opens=java.base/java.lang.invoke=ALL-UNNAMED --add-opens=java.base/java.util=ALL-UNNAMED --add-opens=java.prefs/java.util.prefs=ALL-UNNAMED --add-exports=jdk.compiler/com.sun.tools.javac.api=ALL-UNNAMED --add-exports=jdk.compiler/com.sun.tools.javac.util=ALL-UNNAMED --add-opens=java.base/java.util=ALL-UNNAMED --add-opens=java.prefs/java.util.prefs=ALL-UNNAMED --add-opens=java.base/java.nio.charset=ALL-UNNAMED --add-opens=java.base/java.net=ALL-UNNAMED --add-opens=java.base/java.util.concurrent.atomic=ALL-UNNAMED --add-opens=java.xml/javax.xml.namespace=ALL-UNNAMED -XX:MaxMetaspaceSize=4G -XX:ReservedCodeCacheSize=512m -XX:+HeapDumpOnOutOfMemoryError -Xmx8G -Dfile.encoding=windows-1252 -Duser.country=ES -Duser.language=es -Duser.variant -javaagent:C:\Users\David\.gradle\wrapper\dists\gradle-8.14-all\c2qonpi39x1mddn7hk5gh9iqj\gradle-8.14\lib\agents\gradle-instrumentation-agent-8.14.jar 
java_command: org.gradle.launcher.daemon.bootstrap.GradleDaemon 8.14
java_class_path (initial): C:\Users\David\.gradle\wrapper\dists\gradle-8.14-all\c2qonpi39x1mddn7hk5gh9iqj\gradle-8.14\lib\gradle-daemon-main-8.14.jar
Launcher Type: SUN_STANDARD

[Global flags]
     intx CICompilerCount                          = 3                                         {product} {ergonomic}
     uint ConcGCThreads                            = 1                                         {product} {ergonomic}
     uint G1ConcRefinementThreads                  = 4                                         {product} {ergonomic}
   size_t G1HeapRegionSize                         = 4194304                                   {product} {ergonomic}
    uintx GCDrainStackTargetSize                   = 64                                        {product} {ergonomic}
     bool HeapDumpOnOutOfMemoryError               = true                                   {manageable} {command line}
   size_t InitialHeapSize                          = 134217728                                 {product} {ergonomic}
   size_t MarkStackSize                            = 4194304                                   {product} {ergonomic}
   size_t MaxHeapSize                              = 8589934592                                {product} {command line}
   size_t MaxMetaspaceSize                         = 4294967296                                {product} {command line}
   size_t MaxNewSize                               = 5150605312                                {product} {ergonomic}
   size_t MinHeapDeltaBytes                        = 4194304                                   {product} {ergonomic}
   size_t MinHeapSize                              = 8388608                                   {product} {ergonomic}
    uintx NonNMethodCodeHeapSize                   = 5832780                                {pd product} {ergonomic}
    uintx NonProfiledCodeHeapSize                  = 265519066                              {pd product} {ergonomic}
    uintx ProfiledCodeHeapSize                     = 265519066                              {pd product} {ergonomic}
    uintx ReservedCodeCacheSize                    = 536870912                              {pd product} {command line}
     bool SegmentedCodeCache                       = true                                      {product} {ergonomic}
   size_t SoftMaxHeapSize                          = 8589934592                             {manageable} {ergonomic}
   double SweeperThreshold                         = 0.234375                                  {product} {ergonomic}
     bool UseCompressedClassPointers               = true                           {product lp64_product} {ergonomic}
     bool UseCompressedOops                        = true                           {product lp64_product} {ergonomic}
     bool UseG1GC                                  = true                                      {product} {ergonomic}
     bool UseLargePagesIndividualAllocation        = false                                  {pd product} {ergonomic}

Logging:
Log output configuration:
 #0: stdout all=warning uptime,level,tags
 #1: stderr all=off uptime,level,tags

Environment Variables:
JAVA_HOME=C:\Program Files\Eclipse Adoptium\jdk-17.0.17.10-hotspot
CLASSPATH=C:\Users\David\prototipodavid\android\\gradle\wrapper\gradle-wrapper.jar
PATH=C:\Program Files\Eclipse Adoptium\jdk-17.0.17.10-hotspot\bin;C:\Program Files\Eclipse Adoptium\jdk-17.0.17.10-hotspot\bin;C:\WINDOWS\system32;C:\WINDOWS;C:\WINDOWS\System32\Wbem;C:\WINDOWS\System32\WindowsPowerShell\v1.0\;C:\WINDOWS\System32\OpenSSH\;C:\Program Files (x86)\Wolfram Research\WolframScript\;C:\Program Files (x86)\\PostgreSQL\8.3\bin;C:\Program Files\AutoFirma\AutoFirma;C:\Program Files\PuTTY\;C:\Program Files\dotnet\;C:\Program Files\nodejs\;C:\Program Files\Git\cmd;C:\Users\David\AppData\Roaming\Pub\Cache\bin;C:\Users\David\AppData\Local\Pub\Cache\bin;C:\Program Files\Calibre2\;C:\Program Files\Eclipse Adoptium\jdk-17.0.17.10-hotspot\bin;C:\Users\David\AppData\Local\Programs\Python\Python310\Scripts\;C:\Users\David\AppData\Local\Programs\Python\Python310\;C:\Users\David\AppData\Local\Microsoft\WindowsApps;C:\Users\David\AppData\Local\Programs\Microsoft VS Code\bin;C:\Users\David\Desktop\flutter\bin;C:\Users\David\AppData\Roaming\npm;C:\Users\David\AppData\Local\Pub\Cache\bin;C:\Users\David\AppData\Local\Python\bin;C:\Users\David\Desktop\flutter\bin\mingit\cmd
USERNAME=David
OS=Windows_NT
PROCESSOR_IDENTIFIER=Intel64 Family 6 Model 142 Stepping 9, GenuineIntel
TMP=C:\Users\David\AppData\Local\Temp
TEMP=C:\Users\David\AppData\Local\Temp



Periodic native trim disabled


---------------  S Y S T E M  ---------------

OS:
 Windows 10 , 64 bit Build 19041 (10.0.19041.5915)
OS uptime: 5 days 7:24 hours

CPU: total 4 (initial active 4) (2 cores per cpu, 2 threads per core) family 6 model 142 stepping 9 microcode 0xf0, cx8, cmov, fxsr, ht, mmx, 3dnowpref, sse, sse2, sse3, ssse3, sse4.1, sse4.2, popcnt, lzcnt, tsc, tscinvbit, avx, avx2, aes, erms, clmul, bmi1, bmi2, rtm, adx, fma, vzeroupper, clflush, clflushopt
Processor Information for all 4 processors :
  Max Mhz: 2712, Current Mhz: 2611, Mhz Limit: 2603

Memory: 4k page, system-wide physical 8109M (473M free)
TotalPageFile size 32319M (AvailPageFile size 846M)
current process WorkingSet (physical memory assigned to process): 1014M, peak: 1014M
current process commit charge ("private bytes"): 1519M, peak: 3187M

vm_info: OpenJDK 64-Bit Server VM (17.0.17+10) for windows-amd64 JRE (17.0.17+10), built on Oct 21 2025 23:25:32 by "admin" with unknown MS VC++:1942

END.
